{"/home/travis/build/npmtest/node-npmtest-pg-promise/test.js":{"path":"/home/travis/build/npmtest/node-npmtest-pg-promise/test.js","s":{"1":2,"2":2,"3":2,"4":2,"5":2,"6":2,"7":2,"8":1,"9":2,"10":2,"11":1,"12":1,"13":1,"14":1,"15":2,"16":2,"17":2,"18":2,"19":1,"20":1,"21":2,"22":2,"23":2,"24":1,"25":1,"26":1,"27":1,"28":1,"29":1,"30":1,"31":1,"32":1,"33":1,"34":1,"35":1,"36":1,"37":1,"38":1,"39":2,"40":2,"41":1,"42":2,"43":2,"44":1,"45":2,"46":2,"47":1,"48":2,"49":2,"50":1,"51":1,"52":1,"53":1,"54":1},"b":{"1":[2,1,1,1],"2":[1,1,1,1],"3":[1,1],"4":[1,1],"5":[1,1],"6":[1,1],"7":[1,1],"8":[1,1],"9":[1,1],"10":[1,1,1],"11":[1,1],"12":[1,1],"13":[1,1],"14":[1,1],"15":[1,1],"16":[1,1],"17":[1,1]},"f":{"1":2,"2":2,"3":2,"4":2,"5":2,"6":1,"7":1,"8":1,"9":2,"10":2,"11":2,"12":2,"13":1},"fnMap":{"1":{"name":"(anonymous_1)","line":12,"loc":{"start":{"line":12,"column":1},"end":{"line":12,"column":13}}},"2":{"name":"(anonymous_2)","line":19,"loc":{"start":{"line":19,"column":5},"end":{"line":19,"column":17}}},"3":{"name":"(anonymous_3)","line":23,"loc":{"start":{"line":23,"column":24},"end":{"line":23,"column":36}}},"4":{"name":"(anonymous_4)","line":61,"loc":{"start":{"line":61,"column":5},"end":{"line":61,"column":17}}},"5":{"name":"(anonymous_5)","line":82,"loc":{"start":{"line":82,"column":5},"end":{"line":82,"column":17}}},"6":{"name":"(anonymous_6)","line":91,"loc":{"start":{"line":91,"column":77},"end":{"line":94,"column":10}}},"7":{"name":"(anonymous_7)","line":112,"loc":{"start":{"line":112,"column":83},"end":{"line":115,"column":10}},"skip":true},"8":{"name":"(anonymous_8)","line":123,"loc":{"start":{"line":123,"column":77},"end":{"line":126,"column":10}},"skip":true},"9":{"name":"(anonymous_9)","line":139,"loc":{"start":{"line":139,"column":12},"end":{"line":139,"column":40}},"skip":true},"10":{"name":"(anonymous_10)","line":147,"loc":{"start":{"line":147,"column":77},"end":{"line":150,"column":10}},"skip":true},"11":{"name":"(anonymous_11)","line":158,"loc":{"start":{"line":158,"column":83},"end":{"line":161,"column":10}},"skip":true},"12":{"name":"(anonymous_12)","line":169,"loc":{"start":{"line":169,"column":79},"end":{"line":172,"column":10}},"skip":true},"13":{"name":"(anonymous_13)","line":180,"loc":{"start":{"line":180,"column":75},"end":{"line":183,"column":10}},"skip":true}},"statementMap":{"1":{"start":{"line":12,"column":0},"end":{"line":195,"column":5}},"2":{"start":{"line":14,"column":4},"end":{"line":14,"column":14}},"3":{"start":{"line":19,"column":4},"end":{"line":56,"column":9}},"4":{"start":{"line":21,"column":8},"end":{"line":21,"column":19}},"5":{"start":{"line":23,"column":8},"end":{"line":35,"column":13}},"6":{"start":{"line":24,"column":12},"end":{"line":34,"column":13}},"7":{"start":{"line":25,"column":16},"end":{"line":28,"column":30}},"8":{"start":{"line":30,"column":16},"end":{"line":33,"column":27}},"9":{"start":{"line":37,"column":8},"end":{"line":39,"column":21}},"10":{"start":{"line":40,"column":8},"end":{"line":53,"column":9}},"11":{"start":{"line":43,"column":12},"end":{"line":46,"column":14}},"12":{"start":{"line":47,"column":12},"end":{"line":47,"column":18}},"13":{"start":{"line":50,"column":12},"end":{"line":51,"column":33}},"14":{"start":{"line":52,"column":12},"end":{"line":52,"column":18}},"15":{"start":{"line":55,"column":8},"end":{"line":55,"column":35}},"16":{"start":{"line":61,"column":4},"end":{"line":63,"column":9}},"17":{"start":{"line":62,"column":8},"end":{"line":62,"column":15}},"18":{"start":{"line":64,"column":4},"end":{"line":77,"column":5}},"19":{"start":{"line":70,"column":8},"end":{"line":70,"column":14}},"20":{"start":{"line":76,"column":8},"end":{"line":76,"column":14}},"21":{"start":{"line":82,"column":4},"end":{"line":84,"column":9}},"22":{"start":{"line":83,"column":8},"end":{"line":83,"column":15}},"23":{"start":{"line":85,"column":4},"end":{"line":194,"column":5}},"24":{"start":{"line":91,"column":8},"end":{"line":99,"column":10}},"25":{"start":{"line":98,"column":12},"end":{"line":98,"column":35}},"26":{"start":{"line":102,"column":8},"end":{"line":104,"column":63}},"27":{"start":{"line":105,"column":8},"end":{"line":105,"column":14}},"28":{"start":{"line":112,"column":8},"end":{"line":121,"column":10},"skip":true},"29":{"start":{"line":119,"column":12},"end":{"line":119,"column":55},"skip":true},"30":{"start":{"line":120,"column":12},"end":{"line":120,"column":48},"skip":true},"31":{"start":{"line":123,"column":8},"end":{"line":136,"column":10},"skip":true},"32":{"start":{"line":130,"column":12},"end":{"line":130,"column":76},"skip":true},"33":{"start":{"line":131,"column":12},"end":{"line":131,"column":73},"skip":true},"34":{"start":{"line":132,"column":12},"end":{"line":132,"column":74},"skip":true},"35":{"start":{"line":133,"column":12},"end":{"line":133,"column":79},"skip":true},"36":{"start":{"line":134,"column":12},"end":{"line":134,"column":25},"skip":true},"37":{"start":{"line":135,"column":12},"end":{"line":135,"column":45},"skip":true},"38":{"start":{"line":138,"column":8},"end":{"line":145,"column":14},"skip":true},"39":{"start":{"line":143,"column":16},"end":{"line":143,"column":29},"skip":true},"40":{"start":{"line":144,"column":16},"end":{"line":144,"column":55},"skip":true},"41":{"start":{"line":147,"column":8},"end":{"line":156,"column":10},"skip":true},"42":{"start":{"line":154,"column":12},"end":{"line":154,"column":25},"skip":true},"43":{"start":{"line":155,"column":12},"end":{"line":155,"column":45},"skip":true},"44":{"start":{"line":158,"column":8},"end":{"line":167,"column":10},"skip":true},"45":{"start":{"line":165,"column":12},"end":{"line":165,"column":25},"skip":true},"46":{"start":{"line":166,"column":12},"end":{"line":166,"column":48},"skip":true},"47":{"start":{"line":169,"column":8},"end":{"line":178,"column":10},"skip":true},"48":{"start":{"line":176,"column":12},"end":{"line":176,"column":25},"skip":true},"49":{"start":{"line":177,"column":12},"end":{"line":177,"column":46},"skip":true},"50":{"start":{"line":180,"column":8},"end":{"line":189,"column":10},"skip":true},"51":{"start":{"line":187,"column":12},"end":{"line":187,"column":94},"skip":true},"52":{"start":{"line":188,"column":12},"end":{"line":188,"column":48},"skip":true},"53":{"start":{"line":192,"column":8},"end":{"line":192,"column":35},"skip":true},"54":{"start":{"line":193,"column":8},"end":{"line":193,"column":14},"skip":true}},"branchMap":{"1":{"line":25,"type":"binary-expr","locations":[{"start":{"line":25,"column":23},"end":{"line":25,"column":62}},{"start":{"line":26,"column":20},"end":{"line":26,"column":70}},{"start":{"line":27,"column":20},"end":{"line":27,"column":71}},{"start":{"line":28,"column":20},"end":{"line":28,"column":29}}]},"2":{"line":30,"type":"binary-expr","locations":[{"start":{"line":30,"column":23},"end":{"line":30,"column":37}},{"start":{"line":31,"column":20},"end":{"line":31,"column":61}},{"start":{"line":32,"column":20},"end":{"line":32,"column":70}},{"start":{"line":33,"column":20},"end":{"line":33,"column":26}}]},"3":{"line":37,"type":"cond-expr","locations":[{"start":{"line":38,"column":14},"end":{"line":38,"column":20}},{"start":{"line":39,"column":14},"end":{"line":39,"column":20}}]},"4":{"line":40,"type":"switch","locations":[{"start":{"line":42,"column":8},"end":{"line":47,"column":18}},{"start":{"line":49,"column":8},"end":{"line":52,"column":18}}]},"5":{"line":44,"type":"binary-expr","locations":[{"start":{"line":44,"column":16},"end":{"line":44,"column":44}},{"start":{"line":44,"column":48},"end":{"line":44,"column":66}}]},"6":{"line":50,"type":"binary-expr","locations":[{"start":{"line":50,"column":21},"end":{"line":50,"column":49}},{"start":{"line":50,"column":53},"end":{"line":50,"column":72}}]},"7":{"line":64,"type":"switch","locations":[{"start":{"line":69,"column":4},"end":{"line":70,"column":14}},{"start":{"line":75,"column":4},"end":{"line":76,"column":14}}]},"8":{"line":85,"type":"switch","locations":[{"start":{"line":90,"column":4},"end":{"line":105,"column":14}},{"start":{"line":111,"column":4},"end":{"line":193,"column":14},"skip":true}]},"9":{"line":91,"type":"binary-expr","locations":[{"start":{"line":91,"column":42},"end":{"line":91,"column":73}},{"start":{"line":91,"column":77},"end":{"line":99,"column":9}}]},"10":{"line":102,"type":"binary-expr","locations":[{"start":{"line":102,"column":18},"end":{"line":102,"column":32}},{"start":{"line":103,"column":12},"end":{"line":103,"column":53}},{"start":{"line":104,"column":12},"end":{"line":104,"column":61}}]},"11":{"line":112,"type":"binary-expr","locations":[{"start":{"line":112,"column":45},"end":{"line":112,"column":79},"skip":true},{"start":{"line":112,"column":83},"end":{"line":121,"column":9},"skip":true}]},"12":{"line":123,"type":"binary-expr","locations":[{"start":{"line":123,"column":42},"end":{"line":123,"column":73},"skip":true},{"start":{"line":123,"column":77},"end":{"line":136,"column":9},"skip":true}]},"13":{"line":138,"type":"binary-expr","locations":[{"start":{"line":138,"column":48},"end":{"line":138,"column":85},"skip":true},{"start":{"line":139,"column":12},"end":{"line":145,"column":13},"skip":true}]},"14":{"line":147,"type":"binary-expr","locations":[{"start":{"line":147,"column":42},"end":{"line":147,"column":73},"skip":true},{"start":{"line":147,"column":77},"end":{"line":156,"column":9},"skip":true}]},"15":{"line":158,"type":"binary-expr","locations":[{"start":{"line":158,"column":45},"end":{"line":158,"column":79},"skip":true},{"start":{"line":158,"column":83},"end":{"line":167,"column":9},"skip":true}]},"16":{"line":169,"type":"binary-expr","locations":[{"start":{"line":169,"column":43},"end":{"line":169,"column":75},"skip":true},{"start":{"line":169,"column":79},"end":{"line":178,"column":9},"skip":true}]},"17":{"line":180,"type":"binary-expr","locations":[{"start":{"line":180,"column":41},"end":{"line":180,"column":71},"skip":true},{"start":{"line":180,"column":75},"end":{"line":189,"column":9},"skip":true}]}},"code":["/* istanbul instrument in package npmtest_pg_promise */","/*jslint","    bitwise: true,","    browser: true,","    maxerr: 8,","    maxlen: 96,","    node: true,","    nomen: true,","    regexp: true,","    stupid: true","*/","(function () {","    'use strict';","    var local;","","","","    // run shared js-env code - init-before","    (function () {","        // init local","        local = {};","        // init modeJs","        local.modeJs = (function () {","            try {","                return typeof navigator.userAgent === 'string' &&","                    typeof document.querySelector('body') === 'object' &&","                    typeof XMLHttpRequest.prototype.open === 'function' &&","                    'browser';","            } catch (errorCaughtBrowser) {","                return module.exports &&","                    typeof process.versions.node === 'string' &&","                    typeof require('http').createServer === 'function' &&","                    'node';","            }","        }());","        // init global","        local.global = local.modeJs === 'browser'","            ? window","            : global;","        switch (local.modeJs) {","        // re-init local from window.local","        case 'browser':","            local = local.global.utility2.objectSetDefault(","                local.global.utility2_rollup || local.global.local,","                local.global.utility2","            );","            break;","        // re-init local from example.js","        case 'node':","            local = (local.global.utility2_rollup || require('utility2'))","                .requireReadme();","            break;","        }","        // export local","        local.global.local = local;","    }());","","","","    // run shared js-env code - function","    (function () {","        return;","    }());","    switch (local.modeJs) {","","","","    // run browser js-env code - function","    case 'browser':","        break;","","","","    // run node js-env code - function","    case 'node':","        break;","    }","","","","    // run shared js-env code - init-after","    (function () {","        return;","    }());","    switch (local.modeJs) {","","","","    // run browser js-env code - init-after","    case 'browser':","        local.testCase_browser_nullCase = local.testCase_browser_nullCase || function (","            options,","            onError","        ) {","        /*","         * this function will test browsers's null-case handling-behavior-behavior","         */","            onError(null, options);","        };","","        // run tests","        local.nop(local.modeTest &&","            document.querySelector('#testRunButton1') &&","            document.querySelector('#testRunButton1').click());","        break;","","","","    // run node js-env code - init-after","    /* istanbul ignore next */","    case 'node':","        local.testCase_buildApidoc_default = local.testCase_buildApidoc_default || function (","            options,","            onError","        ) {","        /*","         * this function will test buildApidoc's default handling-behavior-behavior","         */","            options = { modulePathList: module.paths };","            local.buildApidoc(options, onError);","        };","","        local.testCase_buildApp_default = local.testCase_buildApp_default || function (","            options,","            onError","        ) {","        /*","         * this function will test buildApp's default handling-behavior-behavior","         */","            local.testCase_buildReadme_default(options, local.onErrorThrow);","            local.testCase_buildLib_default(options, local.onErrorThrow);","            local.testCase_buildTest_default(options, local.onErrorThrow);","            local.testCase_buildCustomOrg_default(options, local.onErrorThrow);","            options = [];","            local.buildApp(options, onError);","        };","","        local.testCase_buildCustomOrg_default = local.testCase_buildCustomOrg_default ||","            function (options, onError) {","            /*","             * this function will test buildCustomOrg's default handling-behavior","             */","                options = {};","                local.buildCustomOrg(options, onError);","            };","","        local.testCase_buildLib_default = local.testCase_buildLib_default || function (","            options,","            onError","        ) {","        /*","         * this function will test buildLib's default handling-behavior","         */","            options = {};","            local.buildLib(options, onError);","        };","","        local.testCase_buildReadme_default = local.testCase_buildReadme_default || function (","            options,","            onError","        ) {","        /*","         * this function will test buildReadme's default handling-behavior-behavior","         */","            options = {};","            local.buildReadme(options, onError);","        };","","        local.testCase_buildTest_default = local.testCase_buildTest_default || function (","            options,","            onError","        ) {","        /*","         * this function will test buildTest's default handling-behavior","         */","            options = {};","            local.buildTest(options, onError);","        };","","        local.testCase_webpage_default = local.testCase_webpage_default || function (","            options,","            onError","        ) {","        /*","         * this function will test webpage's default handling-behavior","         */","            options = { modeCoverageMerge: true, url: local.serverLocalHost + '?modeTest=1' };","            local.browserTest(options, onError);","        };","","        // run test-server","        local.testRunServer(local);","        break;","    }","}());",""],"l":{"12":2,"14":2,"19":2,"21":2,"23":2,"24":2,"25":2,"30":1,"37":2,"40":2,"43":1,"47":1,"50":1,"52":1,"55":2,"61":2,"62":2,"64":2,"70":1,"76":1,"82":2,"83":2,"85":2,"91":1,"98":1,"102":1,"105":1,"112":1,"119":1,"120":1,"123":1,"130":1,"131":1,"132":1,"133":1,"134":1,"135":1,"138":1,"143":2,"144":2,"147":1,"154":2,"155":2,"158":1,"165":2,"166":2,"169":1,"176":2,"177":2,"180":1,"187":1,"188":1,"192":1,"193":1}},"/home/travis/build/npmtest/node-npmtest-pg-promise/lib.npmtest_pg_promise.js":{"path":"/home/travis/build/npmtest/node-npmtest-pg-promise/lib.npmtest_pg_promise.js","s":{"1":2,"2":2,"3":2,"4":2,"5":2,"6":2,"7":2,"8":1,"9":2,"10":2,"11":2,"12":2,"13":1,"14":1,"15":1,"16":1},"b":{"1":[2,1,1,1],"2":[1,1,1,1],"3":[1,1],"4":[2,2],"5":[1,1]},"f":{"1":2,"2":2,"3":2},"fnMap":{"1":{"name":"(anonymous_1)","line":12,"loc":{"start":{"line":12,"column":1},"end":{"line":12,"column":13}}},"2":{"name":"(anonymous_2)","line":19,"loc":{"start":{"line":19,"column":5},"end":{"line":19,"column":17}}},"3":{"name":"(anonymous_3)","line":23,"loc":{"start":{"line":23,"column":24},"end":{"line":23,"column":36}}}},"statementMap":{"1":{"start":{"line":12,"column":0},"end":{"line":53,"column":5}},"2":{"start":{"line":14,"column":4},"end":{"line":14,"column":14}},"3":{"start":{"line":19,"column":4},"end":{"line":52,"column":9}},"4":{"start":{"line":21,"column":8},"end":{"line":21,"column":19}},"5":{"start":{"line":23,"column":8},"end":{"line":35,"column":13}},"6":{"start":{"line":24,"column":12},"end":{"line":34,"column":13}},"7":{"start":{"line":25,"column":16},"end":{"line":28,"column":30}},"8":{"start":{"line":30,"column":16},"end":{"line":33,"column":27}},"9":{"start":{"line":37,"column":8},"end":{"line":39,"column":21}},"10":{"start":{"line":41,"column":8},"end":{"line":41,"column":54}},"11":{"start":{"line":43,"column":8},"end":{"line":43,"column":55}},"12":{"start":{"line":45,"column":8},"end":{"line":51,"column":9}},"13":{"start":{"line":46,"column":12},"end":{"line":46,"column":61}},"14":{"start":{"line":48,"column":12},"end":{"line":48,"column":35}},"15":{"start":{"line":49,"column":12},"end":{"line":49,"column":49}},"16":{"start":{"line":50,"column":12},"end":{"line":50,"column":43}}},"branchMap":{"1":{"line":25,"type":"binary-expr","locations":[{"start":{"line":25,"column":23},"end":{"line":25,"column":62}},{"start":{"line":26,"column":20},"end":{"line":26,"column":70}},{"start":{"line":27,"column":20},"end":{"line":27,"column":71}},{"start":{"line":28,"column":20},"end":{"line":28,"column":29}}]},"2":{"line":30,"type":"binary-expr","locations":[{"start":{"line":30,"column":23},"end":{"line":30,"column":37}},{"start":{"line":31,"column":20},"end":{"line":31,"column":61}},{"start":{"line":32,"column":20},"end":{"line":32,"column":70}},{"start":{"line":33,"column":20},"end":{"line":33,"column":26}}]},"3":{"line":37,"type":"cond-expr","locations":[{"start":{"line":38,"column":14},"end":{"line":38,"column":20}},{"start":{"line":39,"column":14},"end":{"line":39,"column":20}}]},"4":{"line":41,"type":"binary-expr","locations":[{"start":{"line":41,"column":16},"end":{"line":41,"column":44}},{"start":{"line":41,"column":48},"end":{"line":41,"column":53}}]},"5":{"line":45,"type":"if","locations":[{"start":{"line":45,"column":8},"end":{"line":45,"column":8}},{"start":{"line":45,"column":8},"end":{"line":45,"column":8}}]}},"code":["/* istanbul instrument in package npmtest_pg_promise */","/*jslint","    bitwise: true,","    browser: true,","    maxerr: 8,","    maxlen: 96,","    node: true,","    nomen: true,","    regexp: true,","    stupid: true","*/","(function () {","    'use strict';","    var local;","","","","    // run shared js-env code - init-before","    (function () {","        // init local","        local = {};","        // init modeJs","        local.modeJs = (function () {","            try {","                return typeof navigator.userAgent === 'string' &&","                    typeof document.querySelector('body') === 'object' &&","                    typeof XMLHttpRequest.prototype.open === 'function' &&","                    'browser';","            } catch (errorCaughtBrowser) {","                return module.exports &&","                    typeof process.versions.node === 'string' &&","                    typeof require('http').createServer === 'function' &&","                    'node';","            }","        }());","        // init global","        local.global = local.modeJs === 'browser'","            ? window","            : global;","        // init utility2_rollup","        local = local.global.utility2_rollup || local;","        // init lib","        local.local = local.npmtest_pg_promise = local;","        // init exports","        if (local.modeJs === 'browser') {","            local.global.utility2_npmtest_pg_promise = local;","        } else {","            module.exports = local;","            module.exports.__dirname = __dirname;","            module.exports.module = module;","        }","    }());","}());",""],"l":{"12":2,"14":2,"19":2,"21":2,"23":2,"24":2,"25":2,"30":1,"37":2,"41":2,"43":2,"45":2,"46":1,"48":1,"49":1,"50":1}},"/home/travis/build/npmtest/node-npmtest-pg-promise/example.js":{"path":"/home/travis/build/npmtest/node-npmtest-pg-promise/example.js","s":{"1":2,"2":2,"3":2,"4":2,"5":2,"6":2,"7":2,"8":1,"9":2,"10":2,"11":2,"12":2,"13":1,"14":2,"15":2,"16":2,"17":2,"18":2,"19":0,"20":2,"21":1,"22":1,"23":1,"24":1,"25":1,"26":0,"27":0,"28":1,"29":1,"30":2,"31":0,"32":0,"33":0,"34":1,"35":2,"36":2,"37":3,"38":3,"39":3,"40":3,"41":0,"42":3,"43":3,"44":3,"45":1,"46":3,"47":1,"48":1,"49":1,"50":1,"51":1,"52":1,"53":1,"54":1,"55":1,"56":1,"57":0,"58":1,"59":6,"60":6,"61":1,"62":2,"63":0,"64":2,"65":1,"66":1,"67":0,"68":0,"69":0,"70":0,"71":0,"72":0,"73":0,"74":0,"75":0,"76":0,"77":0,"78":0,"79":0,"80":0,"81":0,"82":0,"83":0},"b":{"1":[2,1,1,1],"2":[1,1,1,1],"3":[1,1],"4":[2,2],"5":[1,1],"6":[1,1],"7":[2,0],"8":[2,1,1,1,1,1],"9":[0,2,0],"10":[1,1],"11":[2,1,1],"12":[1,0],"13":[0,2],"14":[2,0,0,0,0,0,0],"15":[0,3],"16":[3,0],"17":[1,1],"18":[0,1],"19":[1,2,0,2],"20":[1,0],"21":[1,1],"22":[0,0],"23":[0,0],"24":[0,0],"25":[0,0],"26":[0,0],"27":[0,0],"28":[0,0]},"f":{"1":2,"2":2,"3":2,"4":2,"5":2,"6":2,"7":3,"8":3,"9":3,"10":1,"11":6,"12":0},"fnMap":{"1":{"name":"(anonymous_1)","line":26,"loc":{"start":{"line":26,"column":1},"end":{"line":26,"column":13}}},"2":{"name":"(anonymous_2)","line":33,"loc":{"start":{"line":33,"column":5},"end":{"line":33,"column":17}}},"3":{"name":"(anonymous_3)","line":37,"loc":{"start":{"line":37,"column":24},"end":{"line":37,"column":36}}},"4":{"name":"(anonymous_4)","line":69,"loc":{"start":{"line":69,"column":31},"end":{"line":69,"column":48}},"skip":true},"5":{"name":"(anonymous_5)","line":78,"loc":{"start":{"line":78,"column":26},"end":{"line":78,"column":45}},"skip":true},"6":{"name":"(anonymous_6)","line":123,"loc":{"start":{"line":123,"column":33},"end":{"line":123,"column":48}},"skip":true},"7":{"name":"(anonymous_7)","line":125,"loc":{"start":{"line":125,"column":27},"end":{"line":125,"column":39}},"skip":true},"8":{"name":"(anonymous_8)","line":133,"loc":{"start":{"line":133,"column":59},"end":{"line":133,"column":74}},"skip":true},"9":{"name":"(anonymous_9)","line":143,"loc":{"start":{"line":143,"column":45},"end":{"line":143,"column":62}},"skip":true},"10":{"name":"(anonymous_10)","line":144,"loc":{"start":{"line":144,"column":73},"end":{"line":144,"column":92}},"skip":true},"11":{"name":"(anonymous_11)","line":272,"loc":{"start":{"line":272,"column":51},"end":{"line":272,"column":77}},"skip":true},"12":{"name":"(anonymous_12)","line":315,"loc":{"start":{"line":315,"column":32},"end":{"line":315,"column":61}},"skip":true}},"statementMap":{"1":{"start":{"line":26,"column":0},"end":{"line":326,"column":5}},"2":{"start":{"line":28,"column":4},"end":{"line":28,"column":14}},"3":{"start":{"line":33,"column":4},"end":{"line":60,"column":9}},"4":{"start":{"line":35,"column":8},"end":{"line":35,"column":19}},"5":{"start":{"line":37,"column":8},"end":{"line":49,"column":13}},"6":{"start":{"line":38,"column":12},"end":{"line":48,"column":13}},"7":{"start":{"line":39,"column":16},"end":{"line":42,"column":30}},"8":{"start":{"line":44,"column":16},"end":{"line":47,"column":27}},"9":{"start":{"line":51,"column":8},"end":{"line":53,"column":21}},"10":{"start":{"line":55,"column":8},"end":{"line":57,"column":45}},"11":{"start":{"line":59,"column":8},"end":{"line":59,"column":35}},"12":{"start":{"line":61,"column":4},"end":{"line":325,"column":5}},"13":{"start":{"line":69,"column":8},"end":{"line":121,"column":10},"skip":true},"14":{"start":{"line":70,"column":12},"end":{"line":88,"column":13},"skip":true},"15":{"start":{"line":76,"column":16},"end":{"line":87,"column":19},"skip":true},"16":{"start":{"line":79,"column":20},"end":{"line":86,"column":21},"skip":true},"17":{"start":{"line":82,"column":24},"end":{"line":82,"column":43},"skip":true},"18":{"start":{"line":83,"column":24},"end":{"line":83,"column":30},"skip":true},"19":{"start":{"line":85,"column":24},"end":{"line":85,"column":49},"skip":true},"20":{"start":{"line":89,"column":12},"end":{"line":107,"column":13},"skip":true},"21":{"start":{"line":92,"column":16},"end":{"line":102,"column":17},"skip":true},"22":{"start":{"line":93,"column":20},"end":{"line":93,"column":86},"skip":true},"23":{"start":{"line":94,"column":20},"end":{"line":95,"column":45},"skip":true},"24":{"start":{"line":96,"column":20},"end":{"line":96,"column":42},"skip":true},"25":{"start":{"line":97,"column":20},"end":{"line":97,"column":48},"skip":true},"26":{"start":{"line":100,"column":20},"end":{"line":100,"column":85},"skip":true},"27":{"start":{"line":101,"column":20},"end":{"line":101,"column":96},"skip":true},"28":{"start":{"line":103,"column":16},"end":{"line":103,"column":22},"skip":true},"29":{"start":{"line":106,"column":16},"end":{"line":106,"column":22},"skip":true},"30":{"start":{"line":108,"column":12},"end":{"line":120,"column":13},"skip":true},"31":{"start":{"line":114,"column":16},"end":{"line":119,"column":17},"skip":true},"32":{"start":{"line":116,"column":20},"end":{"line":116,"column":78},"skip":true},"33":{"start":{"line":118,"column":20},"end":{"line":118,"column":47},"skip":true},"34":{"start":{"line":123,"column":8},"end":{"line":141,"column":11},"skip":true},"35":{"start":{"line":124,"column":12},"end":{"line":124,"column":54},"skip":true},"36":{"start":{"line":125,"column":12},"end":{"line":140,"column":14},"skip":true},"37":{"start":{"line":126,"column":16},"end":{"line":126,"column":28},"skip":true},"38":{"start":{"line":127,"column":16},"end":{"line":127,"column":69},"skip":true},"39":{"start":{"line":128,"column":16},"end":{"line":128,"column":75},"skip":true},"40":{"start":{"line":129,"column":16},"end":{"line":131,"column":17},"skip":true},"41":{"start":{"line":130,"column":20},"end":{"line":130,"column":27},"skip":true},"42":{"start":{"line":133,"column":16},"end":{"line":137,"column":36},"skip":true},"43":{"start":{"line":134,"column":20},"end":{"line":136,"column":55},"skip":true},"44":{"start":{"line":139,"column":16},"end":{"line":139,"column":57},"skip":true},"45":{"start":{"line":143,"column":8},"end":{"line":147,"column":11},"skip":true},"46":{"start":{"line":144,"column":12},"end":{"line":146,"column":15},"skip":true},"47":{"start":{"line":145,"column":16},"end":{"line":145,"column":70},"skip":true},"48":{"start":{"line":149,"column":8},"end":{"line":149,"column":31},"skip":true},"49":{"start":{"line":150,"column":8},"end":{"line":150,"column":14},"skip":true},"50":{"start":{"line":158,"column":8},"end":{"line":158,"column":31},"skip":true},"51":{"start":{"line":160,"column":8},"end":{"line":160,"column":33},"skip":true},"52":{"start":{"line":161,"column":8},"end":{"line":161,"column":37},"skip":true},"53":{"start":{"line":162,"column":8},"end":{"line":162,"column":35},"skip":true},"54":{"start":{"line":164,"column":8},"end":{"line":164,"column":50},"skip":true},"55":{"start":{"line":166,"column":8},"end":{"line":256,"column":2},"skip":true},"56":{"start":{"line":258,"column":8},"end":{"line":286,"column":9},"skip":true},"57":{"start":{"line":259,"column":12},"end":{"line":269,"column":14},"skip":true},"58":{"start":{"line":271,"column":12},"end":{"line":285,"column":19},"skip":true},"59":{"start":{"line":274,"column":20},"end":{"line":274,"column":35},"skip":true},"60":{"start":{"line":275,"column":20},"end":{"line":284,"column":21},"skip":true},"61":{"start":{"line":277,"column":24},"end":{"line":277,"column":64},"skip":true},"62":{"start":{"line":279,"column":24},"end":{"line":279,"column":40},"skip":true},"63":{"start":{"line":281,"column":24},"end":{"line":281,"column":40},"skip":true},"64":{"start":{"line":283,"column":24},"end":{"line":283,"column":39},"skip":true},"65":{"start":{"line":288,"column":8},"end":{"line":290,"column":9},"skip":true},"66":{"start":{"line":289,"column":12},"end":{"line":289,"column":18},"skip":true},"67":{"start":{"line":291,"column":8},"end":{"line":293,"column":54},"skip":true},"68":{"start":{"line":296,"column":8},"end":{"line":301,"column":37},"skip":true},"69":{"start":{"line":303,"column":8},"end":{"line":303,"column":82},"skip":true},"70":{"start":{"line":306,"column":8},"end":{"line":308,"column":9},"skip":true},"71":{"start":{"line":307,"column":12},"end":{"line":307,"column":82},"skip":true},"72":{"start":{"line":310,"column":8},"end":{"line":312,"column":9},"skip":true},"73":{"start":{"line":311,"column":12},"end":{"line":311,"column":18},"skip":true},"74":{"start":{"line":313,"column":8},"end":{"line":313,"column":54},"skip":true},"75":{"start":{"line":314,"column":8},"end":{"line":314,"column":69},"skip":true},"76":{"start":{"line":315,"column":8},"end":{"line":323,"column":36},"skip":true},"77":{"start":{"line":316,"column":12},"end":{"line":316,"column":61},"skip":true},"78":{"start":{"line":317,"column":12},"end":{"line":320,"column":13},"skip":true},"79":{"start":{"line":318,"column":16},"end":{"line":318,"column":75},"skip":true},"80":{"start":{"line":319,"column":16},"end":{"line":319,"column":23},"skip":true},"81":{"start":{"line":321,"column":12},"end":{"line":321,"column":38},"skip":true},"82":{"start":{"line":322,"column":12},"end":{"line":322,"column":27},"skip":true},"83":{"start":{"line":324,"column":8},"end":{"line":324,"column":14},"skip":true}},"branchMap":{"1":{"line":39,"type":"binary-expr","locations":[{"start":{"line":39,"column":23},"end":{"line":39,"column":62}},{"start":{"line":40,"column":20},"end":{"line":40,"column":70}},{"start":{"line":41,"column":20},"end":{"line":41,"column":71}},{"start":{"line":42,"column":20},"end":{"line":42,"column":29}}]},"2":{"line":44,"type":"binary-expr","locations":[{"start":{"line":44,"column":23},"end":{"line":44,"column":37}},{"start":{"line":45,"column":20},"end":{"line":45,"column":61}},{"start":{"line":46,"column":20},"end":{"line":46,"column":70}},{"start":{"line":47,"column":20},"end":{"line":47,"column":26}}]},"3":{"line":51,"type":"cond-expr","locations":[{"start":{"line":52,"column":14},"end":{"line":52,"column":20}},{"start":{"line":53,"column":14},"end":{"line":53,"column":20}}]},"4":{"line":55,"type":"binary-expr","locations":[{"start":{"line":55,"column":16},"end":{"line":55,"column":44}},{"start":{"line":55,"column":49},"end":{"line":57,"column":43}}]},"5":{"line":55,"type":"cond-expr","locations":[{"start":{"line":56,"column":14},"end":{"line":56,"column":54}},{"start":{"line":57,"column":14},"end":{"line":57,"column":43}}]},"6":{"line":61,"type":"switch","locations":[{"start":{"line":68,"column":4},"end":{"line":150,"column":14},"skip":true},{"start":{"line":156,"column":4},"end":{"line":324,"column":14},"skip":true}]},"7":{"line":70,"type":"if","locations":[{"start":{"line":70,"column":12},"end":{"line":70,"column":12},"skip":true},{"start":{"line":70,"column":12},"end":{"line":70,"column":12},"skip":true}]},"8":{"line":70,"type":"binary-expr","locations":[{"start":{"line":70,"column":16},"end":{"line":70,"column":22},"skip":true},{"start":{"line":70,"column":27},"end":{"line":70,"column":32},"skip":true},{"start":{"line":71,"column":20},"end":{"line":71,"column":39},"skip":true},{"start":{"line":72,"column":20},"end":{"line":72,"column":49},"skip":true},{"start":{"line":73,"column":20},"end":{"line":73,"column":58},"skip":true},{"start":{"line":74,"column":20},"end":{"line":74,"column":69},"skip":true}]},"9":{"line":79,"type":"switch","locations":[{"start":{"line":80,"column":20},"end":{"line":80,"column":33},"skip":true},{"start":{"line":81,"column":20},"end":{"line":83,"column":30},"skip":true},{"start":{"line":84,"column":20},"end":{"line":85,"column":49},"skip":true}]},"10":{"line":89,"type":"switch","locations":[{"start":{"line":90,"column":12},"end":{"line":103,"column":22},"skip":true},{"start":{"line":105,"column":12},"end":{"line":106,"column":22},"skip":true}]},"11":{"line":89,"type":"binary-expr","locations":[{"start":{"line":89,"column":20},"end":{"line":89,"column":25},"skip":true},{"start":{"line":89,"column":29},"end":{"line":89,"column":48},"skip":true},{"start":{"line":89,"column":52},"end":{"line":89,"column":74},"skip":true}]},"12":{"line":92,"type":"if","locations":[{"start":{"line":92,"column":16},"end":{"line":92,"column":16},"skip":true},{"start":{"line":92,"column":16},"end":{"line":92,"column":16},"skip":true}]},"13":{"line":108,"type":"if","locations":[{"start":{"line":108,"column":12},"end":{"line":108,"column":12},"skip":true},{"start":{"line":108,"column":12},"end":{"line":108,"column":12},"skip":true}]},"14":{"line":108,"type":"binary-expr","locations":[{"start":{"line":108,"column":16},"end":{"line":108,"column":61},"skip":true},{"start":{"line":108,"column":66},"end":{"line":108,"column":72},"skip":true},{"start":{"line":108,"column":77},"end":{"line":108,"column":82},"skip":true},{"start":{"line":109,"column":20},"end":{"line":109,"column":39},"skip":true},{"start":{"line":110,"column":20},"end":{"line":110,"column":49},"skip":true},{"start":{"line":111,"column":20},"end":{"line":111,"column":58},"skip":true},{"start":{"line":112,"column":20},"end":{"line":112,"column":68},"skip":true}]},"15":{"line":129,"type":"if","locations":[{"start":{"line":129,"column":16},"end":{"line":129,"column":16},"skip":true},{"start":{"line":129,"column":16},"end":{"line":129,"column":16},"skip":true}]},"16":{"line":134,"type":"cond-expr","locations":[{"start":{"line":135,"column":26},"end":{"line":135,"column":29},"skip":true},{"start":{"line":136,"column":26},"end":{"line":136,"column":54},"skip":true}]},"17":{"line":164,"type":"binary-expr","locations":[{"start":{"line":164,"column":27},"end":{"line":164,"column":43},"skip":true},{"start":{"line":164,"column":47},"end":{"line":164,"column":49},"skip":true}]},"18":{"line":258,"type":"if","locations":[{"start":{"line":258,"column":8},"end":{"line":258,"column":8},"skip":true},{"start":{"line":258,"column":8},"end":{"line":258,"column":8},"skip":true}]},"19":{"line":275,"type":"switch","locations":[{"start":{"line":276,"column":20},"end":{"line":277,"column":64},"skip":true},{"start":{"line":278,"column":20},"end":{"line":279,"column":40},"skip":true},{"start":{"line":280,"column":20},"end":{"line":281,"column":40},"skip":true},{"start":{"line":282,"column":20},"end":{"line":283,"column":39},"skip":true}]},"20":{"line":288,"type":"if","locations":[{"start":{"line":288,"column":8},"end":{"line":288,"column":8},"skip":true},{"start":{"line":288,"column":8},"end":{"line":288,"column":8},"skip":true}]},"21":{"line":288,"type":"binary-expr","locations":[{"start":{"line":288,"column":12},"end":{"line":288,"column":40},"skip":true},{"start":{"line":288,"column":44},"end":{"line":288,"column":67},"skip":true}]},"22":{"line":292,"type":"binary-expr","locations":[{"start":{"line":292,"column":12},"end":{"line":292,"column":50},"skip":true},{"start":{"line":293,"column":12},"end":{"line":293,"column":53},"skip":true}]},"23":{"line":297,"type":"binary-expr","locations":[{"start":{"line":297,"column":12},"end":{"line":297,"column":68},"skip":true},{"start":{"line":298,"column":12},"end":{"line":301,"column":36},"skip":true}]},"24":{"line":303,"type":"binary-expr","locations":[{"start":{"line":303,"column":43},"end":{"line":303,"column":75},"skip":true},{"start":{"line":303,"column":79},"end":{"line":303,"column":81},"skip":true}]},"25":{"line":306,"type":"if","locations":[{"start":{"line":306,"column":8},"end":{"line":306,"column":8},"skip":true},{"start":{"line":306,"column":8},"end":{"line":306,"column":8},"skip":true}]},"26":{"line":310,"type":"if","locations":[{"start":{"line":310,"column":8},"end":{"line":310,"column":8},"skip":true},{"start":{"line":310,"column":8},"end":{"line":310,"column":8},"skip":true}]},"27":{"line":313,"type":"binary-expr","locations":[{"start":{"line":313,"column":27},"end":{"line":313,"column":43},"skip":true},{"start":{"line":313,"column":47},"end":{"line":313,"column":53},"skip":true}]},"28":{"line":317,"type":"if","locations":[{"start":{"line":317,"column":12},"end":{"line":317,"column":12},"skip":true},{"start":{"line":317,"column":12},"end":{"line":317,"column":12},"skip":true}]}},"code":["/*","example.js","","quickstart example","","instruction","    1. save this script as example.js","    2. run the shell command:","        $ npm install npmtest-pg-promise && PORT=8081 node example.js","    3. play with the browser-demo on http://127.0.0.1:8081","*/","","","","/* istanbul instrument in package npmtest_pg_promise */","/*jslint","    bitwise: true,","    browser: true,","    maxerr: 8,","    maxlen: 96,","    node: true,","    nomen: true,","    regexp: true,","    stupid: true","*/","(function () {","    'use strict';","    var local;","","","","    // run shared js-env code - init-before","    (function () {","        // init local","        local = {};","        // init modeJs","        local.modeJs = (function () {","            try {","                return typeof navigator.userAgent === 'string' &&","                    typeof document.querySelector('body') === 'object' &&","                    typeof XMLHttpRequest.prototype.open === 'function' &&","                    'browser';","            } catch (errorCaughtBrowser) {","                return module.exports &&","                    typeof process.versions.node === 'string' &&","                    typeof require('http').createServer === 'function' &&","                    'node';","            }","        }());","        // init global","        local.global = local.modeJs === 'browser'","            ? window","            : global;","        // init utility2_rollup","        local = local.global.utility2_rollup || (local.modeJs === 'browser'","            ? local.global.utility2_npmtest_pg_promise","            : global.utility2_moduleExports);","        // export local","        local.global.local = local;","    }());","    switch (local.modeJs) {","","","","    // init-after","    // run browser js-env code - init-after","    /* istanbul ignore next */","    case 'browser':","        local.testRunBrowser = function (event) {","            if (!event || (event &&","                    event.currentTarget &&","                    event.currentTarget.className &&","                    event.currentTarget.className.includes &&","                    event.currentTarget.className.includes('onreset'))) {","                // reset output","                Array.from(","                    document.querySelectorAll('body > .resettable')","                ).forEach(function (element) {","                    switch (element.tagName) {","                    case 'INPUT':","                    case 'TEXTAREA':","                        element.value = '';","                        break;","                    default:","                        element.textContent = '';","                    }","                });","            }","            switch (event && event.currentTarget && event.currentTarget.id) {","            case 'testRunButton1':","                // show tests","                if (document.querySelector('#testReportDiv1').style.display === 'none') {","                    document.querySelector('#testReportDiv1').style.display = 'block';","                    document.querySelector('#testRunButton1').textContent =","                        'hide internal test';","                    local.modeTest = true;","                    local.testRunDefault(local);","                // hide tests","                } else {","                    document.querySelector('#testReportDiv1').style.display = 'none';","                    document.querySelector('#testRunButton1').textContent = 'run internal test';","                }","                break;","            // custom-case","            default:","                break;","            }","            if (document.querySelector('#inputTextareaEval1') && (!event || (event &&","                    event.currentTarget &&","                    event.currentTarget.className &&","                    event.currentTarget.className.includes &&","                    event.currentTarget.className.includes('oneval')))) {","                // try to eval input-code","                try {","                    /*jslint evil: true*/","                    eval(document.querySelector('#inputTextareaEval1').value);","                } catch (errorCaught) {","                    console.error(errorCaught);","                }","            }","        };","        // log stderr and stdout to #outputTextareaStdout1","        ['error', 'log'].forEach(function (key) {","            console[key + '_original'] = console[key];","            console[key] = function () {","                var element;","                console[key + '_original'].apply(console, arguments);","                element = document.querySelector('#outputTextareaStdout1');","                if (!element) {","                    return;","                }","                // append text to #outputTextareaStdout1","                element.value += Array.from(arguments).map(function (arg) {","                    return typeof arg === 'string'","                        ? arg","                        : JSON.stringify(arg, null, 4);","                }).join(' ') + '\\n';","                // scroll textarea to bottom","                element.scrollTop = element.scrollHeight;","            };","        });","        // init event-handling","        ['change', 'click', 'keyup'].forEach(function (event) {","            Array.from(document.querySelectorAll('.on' + event)).forEach(function (element) {","                element.addEventListener(event, local.testRunBrowser);","            });","        });","        // run tests","        local.testRunBrowser();","        break;","","","","    // run node js-env code - init-after","    /* istanbul ignore next */","    case 'node':","        // export local","        module.exports = local;","        // require modules","        local.fs = require('fs');","        local.http = require('http');","        local.url = require('url');","        // init assets","        local.assetsDict = local.assetsDict || {};","        /* jslint-ignore-begin */","        local.assetsDict['/assets.index.template.html'] = '\\","<!doctype html>\\n\\","<html lang=\"en\">\\n\\","<head>\\n\\","<meta charset=\"UTF-8\">\\n\\","<meta name=\"viewport\" content=\"width=device-width, initial-scale=1\">\\n\\","<title>{{env.npm_package_name}} (v{{env.npm_package_version}})</title>\\n\\","<style>\\n\\","/*csslint\\n\\","    box-sizing: false,\\n\\","    universal-selector: false\\n\\","*/\\n\\","* {\\n\\","    box-sizing: border-box;\\n\\","}\\n\\","body {\\n\\","    background: #dde;\\n\\","    font-family: Arial, Helvetica, sans-serif;\\n\\","    margin: 2rem;\\n\\","}\\n\\","body > * {\\n\\","    margin-bottom: 1rem;\\n\\","}\\n\\",".utility2FooterDiv {\\n\\","    margin-top: 20px;\\n\\","    text-align: center;\\n\\","}\\n\\","</style>\\n\\","<style>\\n\\","/*csslint\\n\\","*/\\n\\","textarea {\\n\\","    font-family: monospace;\\n\\","    height: 10rem;\\n\\","    width: 100%;\\n\\","}\\n\\","textarea[readonly] {\\n\\","    background: #ddd;\\n\\","}\\n\\","</style>\\n\\","</head>\\n\\","<body>\\n\\","<!-- utility2-comment\\n\\","<div id=\"ajaxProgressDiv1\" style=\"background: #d00; height: 2px; left: 0; margin: 0; padding: 0; position: fixed; top: 0; transition: background 0.5s, width 1.5s; width: 25%;\"></div>\\n\\","utility2-comment -->\\n\\","<h1>\\n\\","<!-- utility2-comment\\n\\","    <a\\n\\","        {{#if env.npm_package_homepage}}\\n\\","        href=\"{{env.npm_package_homepage}}\"\\n\\","        {{/if env.npm_package_homepage}}\\n\\","        target=\"_blank\"\\n\\","    >\\n\\","utility2-comment -->\\n\\","        {{env.npm_package_name}} (v{{env.npm_package_version}})\\n\\","<!-- utility2-comment\\n\\","    </a>\\n\\","utility2-comment -->\\n\\","</h1>\\n\\","<h3>{{env.npm_package_description}}</h3>\\n\\","<!-- utility2-comment\\n\\","<h4><a download href=\"assets.app.js\">download standalone app</a></h4>\\n\\","<button class=\"onclick onreset\" id=\"testRunButton1\">run internal test</button><br>\\n\\","<div id=\"testReportDiv1\" style=\"display: none;\"></div>\\n\\","utility2-comment -->\\n\\","\\n\\","\\n\\","\\n\\","<label>stderr and stdout</label>\\n\\","<textarea class=\"resettable\" id=\"outputTextareaStdout1\" readonly></textarea>\\n\\","<!-- utility2-comment\\n\\","{{#if isRollup}}\\n\\","<script src=\"assets.app.js\"></script>\\n\\","{{#unless isRollup}}\\n\\","utility2-comment -->\\n\\","<script src=\"assets.utility2.rollup.js\"></script>\\n\\","<script src=\"jsonp.utility2._stateInit?callback=window.utility2._stateInit\"></script>\\n\\","<script src=\"assets.npmtest_pg_promise.rollup.js\"></script>\\n\\","<script src=\"assets.example.js\"></script>\\n\\","<script src=\"assets.test.js\"></script>\\n\\","<!-- utility2-comment\\n\\","{{/if isRollup}}\\n\\","utility2-comment -->\\n\\","<div class=\"utility2FooterDiv\">\\n\\","    [ this app was created with\\n\\","    <a href=\"https://github.com/kaizhu256/node-utility2\" target=\"_blank\">utility2</a>\\n\\","    ]\\n\\","</div>\\n\\","</body>\\n\\","</html>\\n\\","';","        /* jslint-ignore-end */","        if (local.templateRender) {","            local.assetsDict['/'] = local.templateRender(","                local.assetsDict['/assets.index.template.html'],","                {","                    env: local.objectSetDefault(local.env, {","                        npm_package_description: 'the greatest app in the world!',","                        npm_package_name: 'my-app',","                        npm_package_nameAlias: 'my_app',","                        npm_package_version: '0.0.1'","                    })","                }","            );","        } else {","            local.assetsDict['/'] = local.assetsDict['/assets.index.template.html']","                .replace((/\\{\\{env\\.(\\w+?)\\}\\}/g), function (match0, match1) {","                    // jslint-hack","                    String(match0);","                    switch (match1) {","                    case 'npm_package_description':","                        return 'the greatest app in the world!';","                    case 'npm_package_name':","                        return 'my-app';","                    case 'npm_package_nameAlias':","                        return 'my_app';","                    case 'npm_package_version':","                        return '0.0.1';","                    }","                });","        }","        // run the cli","        if (local.global.utility2_rollup || module !== require.main) {","            break;","        }","        local.assetsDict['/assets.example.js'] =","            local.assetsDict['/assets.example.js'] ||","            local.fs.readFileSync(__filename, 'utf8');","        // bug-workaround - long $npm_package_buildCustomOrg","        /* jslint-ignore-begin */","        local.assetsDict['/assets.npmtest_pg_promise.rollup.js'] =","            local.assetsDict['/assets.npmtest_pg_promise.rollup.js'] ||","            local.fs.readFileSync(","                local.npmtest_pg_promise.__dirname + '/lib.npmtest_pg_promise.js',","                'utf8'","            ).replace((/^#!/), '//');","        /* jslint-ignore-end */","        local.assetsDict['/favicon.ico'] = local.assetsDict['/favicon.ico'] || '';","        // if $npm_config_timeout_exit exists,","        // then exit this process after $npm_config_timeout_exit ms","        if (Number(process.env.npm_config_timeout_exit)) {","            setTimeout(process.exit, Number(process.env.npm_config_timeout_exit));","        }","        // start server","        if (local.global.utility2_serverHttp1) {","            break;","        }","        process.env.PORT = process.env.PORT || '8081';","        console.error('server starting on port ' + process.env.PORT);","        local.http.createServer(function (request, response) {","            request.urlParsed = local.url.parse(request.url);","            if (local.assetsDict[request.urlParsed.pathname] !== undefined) {","                response.end(local.assetsDict[request.urlParsed.pathname]);","                return;","            }","            response.statusCode = 404;","            response.end();","        }).listen(process.env.PORT);","        break;","    }","}());",""],"l":{"26":2,"28":2,"33":2,"35":2,"37":2,"38":2,"39":2,"44":1,"51":2,"55":2,"59":2,"61":2,"69":1,"70":2,"76":2,"79":2,"82":2,"83":2,"85":1,"89":2,"92":1,"93":1,"94":1,"96":1,"97":1,"100":1,"101":1,"103":1,"106":1,"108":2,"114":1,"116":1,"118":1,"123":1,"124":2,"125":2,"126":3,"127":3,"128":3,"129":3,"130":1,"133":3,"134":3,"139":3,"143":1,"144":3,"145":1,"149":1,"150":1,"158":1,"160":1,"161":1,"162":1,"164":1,"166":1,"258":1,"259":1,"271":1,"274":6,"275":6,"277":1,"279":2,"281":1,"283":2,"288":1,"289":1,"291":1,"296":1,"303":1,"306":1,"307":1,"310":1,"311":1,"313":1,"314":1,"315":1,"316":1,"317":1,"318":1,"319":1,"321":1,"322":1,"324":1}},"/home/travis/build/npmtest/node-npmtest-pg-promise/node_modules/pg-promise/lib/index.js":{"path":"/home/travis/build/npmtest/node-npmtest-pg-promise/node_modules/pg-promise/lib/index.js","s":{"1":1,"2":1,"3":0,"4":1},"b":{"1":[0,1]},"f":{},"fnMap":{},"statementMap":{"1":{"start":{"line":3,"column":0},"end":{"line":3,"column":55}},"2":{"start":{"line":6,"column":0},"end":{"line":12,"column":1}},"3":{"start":{"line":11,"column":4},"end":{"line":11,"column":77},"skip":true},"4":{"start":{"line":14,"column":0},"end":{"line":14,"column":35}}},"branchMap":{"1":{"line":6,"type":"if","locations":[{"start":{"line":6,"column":0},"end":{"line":6,"column":0},"skip":true},{"start":{"line":6,"column":0},"end":{"line":6,"column":0}}]}},"code":["'use strict';","","var nodeHighVer = +process.versions.node.split('.')[0];","","// istanbul ignore if","if (nodeHighVer < 4) {","","    // Starting from pg-promise v5.6.0, the library no longer supports legacy","    // Node.js versions 0.10 and 0.12, requiring Node.js 4.x as the minimum.","","    throw new Error('Minimum Node.js version required by pg-promise is 4.x');","}","","module.exports = require('./main');",""],"l":{"3":1,"6":1,"11":1,"14":1}},"/home/travis/build/npmtest/node-npmtest-pg-promise/node_modules/pg-promise/lib/main.js":{"path":"/home/travis/build/npmtest/node-npmtest-pg-promise/node_modules/pg-promise/lib/main.js","s":{"1":1,"2":1,"3":0,"4":0,"5":0,"6":0,"7":0,"8":0,"9":0,"10":0,"11":0,"12":0,"13":0,"14":0,"15":0,"16":0,"17":0,"18":0,"19":0,"20":0,"21":0,"22":0,"23":0,"24":0,"25":0,"26":0,"27":0,"28":0,"29":0,"30":0,"31":0,"32":0,"33":0,"34":0,"35":0,"36":0,"37":1,"38":1,"39":1},"b":{"1":[0,0],"2":[0,0],"3":[0,0],"4":[0,0],"5":[0,0],"6":[0,0],"7":[0,0],"8":[0,0,0]},"f":{"1":0},"fnMap":{"1":{"name":"$main","line":124,"loc":{"start":{"line":124,"column":0},"end":{"line":124,"column":24}}}},"statementMap":{"1":{"start":{"line":3,"column":0},"end":{"line":21,"column":2}},"2":{"start":{"line":124,"column":0},"end":{"line":238,"column":1}},"3":{"start":{"line":126,"column":4},"end":{"line":145,"column":5}},"4":{"start":{"line":127,"column":8},"end":{"line":127,"column":21}},"5":{"start":{"line":129,"column":8},"end":{"line":131,"column":9}},"6":{"start":{"line":130,"column":12},"end":{"line":130,"column":67}},"7":{"start":{"line":134,"column":8},"end":{"line":135,"column":96}},"8":{"start":{"line":137,"column":8},"end":{"line":144,"column":9}},"9":{"start":{"line":138,"column":12},"end":{"line":143,"column":13}},"10":{"start":{"line":139,"column":16},"end":{"line":142,"column":17}},"11":{"start":{"line":140,"column":20},"end":{"line":140,"column":138}},"12":{"start":{"line":141,"column":20},"end":{"line":141,"column":26}},"13":{"start":{"line":147,"column":4},"end":{"line":147,"column":59}},"14":{"start":{"line":149,"column":4},"end":{"line":153,"column":6}},"15":{"start":{"line":155,"column":4},"end":{"line":155,"column":53}},"16":{"start":{"line":158,"column":4},"end":{"line":158,"column":70}},"17":{"start":{"line":159,"column":4},"end":{"line":159,"column":68}},"18":{"start":{"line":161,"column":4},"end":{"line":161,"column":29}},"19":{"start":{"line":165,"column":4},"end":{"line":170,"column":5},"skip":true},"20":{"start":{"line":166,"column":8},"end":{"line":166,"column":28},"skip":true},"21":{"start":{"line":167,"column":8},"end":{"line":169,"column":9},"skip":true},"22":{"start":{"line":168,"column":12},"end":{"line":168,"column":69},"skip":true},"23":{"start":{"line":172,"column":4},"end":{"line":172,"column":49}},"24":{"start":{"line":174,"column":4},"end":{"line":179,"column":6}},"25":{"start":{"line":175,"column":8},"end":{"line":177,"column":9}},"26":{"start":{"line":176,"column":12},"end":{"line":176,"column":48}},"27":{"start":{"line":178,"column":8},"end":{"line":178,"column":59}},"28":{"start":{"line":181,"column":4},"end":{"line":181,"column":54}},"29":{"start":{"line":193,"column":4},"end":{"line":193,"column":43}},"30":{"start":{"line":203,"column":4},"end":{"line":205,"column":7}},"31":{"start":{"line":204,"column":8},"end":{"line":204,"column":17}},"32":{"start":{"line":217,"column":4},"end":{"line":217,"column":66}},"33":{"start":{"line":232,"column":4},"end":{"line":232,"column":59}},"34":{"start":{"line":234,"column":4},"end":{"line":234,"column":22}},"35":{"start":{"line":235,"column":4},"end":{"line":235,"column":26}},"36":{"start":{"line":237,"column":4},"end":{"line":237,"column":16}},"37":{"start":{"line":240,"column":0},"end":{"line":344,"column":2}},"38":{"start":{"line":346,"column":0},"end":{"line":346,"column":51}},"39":{"start":{"line":348,"column":0},"end":{"line":348,"column":23}}},"branchMap":{"1":{"line":126,"type":"if","locations":[{"start":{"line":126,"column":4},"end":{"line":126,"column":4}},{"start":{"line":126,"column":4},"end":{"line":126,"column":4}}]},"2":{"line":129,"type":"if","locations":[{"start":{"line":129,"column":8},"end":{"line":129,"column":8}},{"start":{"line":129,"column":8},"end":{"line":129,"column":8}}]},"3":{"line":137,"type":"if","locations":[{"start":{"line":137,"column":8},"end":{"line":137,"column":8}},{"start":{"line":137,"column":8},"end":{"line":137,"column":8}}]},"4":{"line":139,"type":"if","locations":[{"start":{"line":139,"column":16},"end":{"line":139,"column":16}},{"start":{"line":139,"column":16},"end":{"line":139,"column":16}}]},"5":{"line":165,"type":"if","locations":[{"start":{"line":165,"column":4},"end":{"line":165,"column":4},"skip":true},{"start":{"line":165,"column":4},"end":{"line":165,"column":4},"skip":true}]},"6":{"line":167,"type":"if","locations":[{"start":{"line":167,"column":8},"end":{"line":167,"column":8},"skip":true},{"start":{"line":167,"column":8},"end":{"line":167,"column":8},"skip":true}]},"7":{"line":175,"type":"if","locations":[{"start":{"line":175,"column":8},"end":{"line":175,"column":8}},{"start":{"line":175,"column":8},"end":{"line":175,"column":8}}]},"8":{"line":175,"type":"binary-expr","locations":[{"start":{"line":175,"column":12},"end":{"line":175,"column":33}},{"start":{"line":175,"column":38},"end":{"line":175,"column":40}},{"start":{"line":175,"column":44},"end":{"line":175,"column":66}}]}},"code":["'use strict';","","var $npm = {","    con: require('manakin').local,","    path: require('path'),","    pg: require('pg'),","    minify: require('pg-minify'),","    array: require('./array'),","    adapter: require('./adapter'),","    result: require('./result'),","    promise: require('./promise'),","    formatting: require('./formatting'),","    helpers: require('./helpers'),","    queryFile: require('./queryFile'),","    errors: require('./errors'),","    utils: require('./utils'),","    pubUtils: require('./utils/public'),","    mode: require('./txMode'),","    types: require('./types'),","    package: require('../package.json')","};","","/**"," * @author Vitaly Tomilov"," * @module pg-promise"," *"," * @description"," * ### Initialization Options"," *"," * Below is the complete list of _Initialization Options_ for the library."," *"," * @param {object} [options]"," * Library Initialization Options."," *"," * @param {boolean} [options.pgFormatting=false]"," * Redirects query formatting to PG."," *"," * This property can be set dynamically (before or after initialization)."," *"," * @param {boolean} [options.pgNative=false]"," * Use $[Native Bindings]. Library $[pg-native] must be installed, or else it will throw an error."," *"," * This is a static property (can only be set prior to initialization)."," *"," * @param {object|function} [options.promiseLib=Promise]"," * Overrides the default promise library."," *"," * This is a static property (can only be set prior to initialization)."," *"," * @param {boolean} [options.noLocking=false]"," * Prevents protocol locking."," *"," * By default, the library locks its protocol to read-only access, as a fool-proof mechanism."," * Specifically for the {@link event:extend extend} event this serves as a protection against overriding existing"," * properties or trying to set them at the wrong time."," *"," * If this provision gets in the way of using a mock-up framework for your tests, you can force"," * the library to deactivate most of the locks by setting `noLocking` = `true` within the options."," *"," * This property can be set dynamically (before or after initialization)."," *"," * @param {boolean} [options.capSQL=false]"," * Capitalizes any SQL generated by the library."," *"," * By default, all internal SQL within the library is generated using the low case."," * If, however, you want all SQL to be capitalized instead, set `capSQL` = `true`."," *"," * This is purely a cosmetic feature."," *"," * This property can be set dynamically (before or after initialization)."," *"," * @param {boolean} [options.noWarnings=false]"," * Disables all diagnostic warnings in the library (which is ill-advised)."," *"," * This property can be set dynamically (before or after initialization)."," *"," * @param {function} [options.connect]"," * Global event {@link event:connect connect} handler."," *"," * This property can be set dynamically (before or after initialization)."," *"," * @param {function} [options.disconnect]"," * Global event {@link event:disconnect disconnect} handler."," *"," * This property can be set dynamically (before or after initialization)."," *"," * @param {function} [options.query]"," * Global event {@link event:query query} handler."," *"," * This property can be set dynamically (before or after initialization)."," *"," * @param {function} [options.receive]"," * Global event {@link event:receive receive} handler."," *"," * @param {function} [options.task]"," * Global event {@link event:task task} handler."," *"," * This property can be set dynamically (before or after initialization)."," *"," * @param {function} [options.transact]"," * Global event {@link event:transact transact} handler."," *"," * This property can be set dynamically (before or after initialization)."," *"," * @param {function} [options.error]"," * Global event {@link event:error error} handler."," *"," * This property can be set dynamically (before or after initialization)."," *"," * @param {function} [options.extend]"," * Global event {@link event:extend extend} handler."," *"," * This property can be set dynamically (before or after initialization)."," *"," * @example"," *"," * var options = {"," *   // Initialization Options"," * };"," *"," * var pgp = require('pg-promise')(options);"," *"," */","function $main(options) {","","    if ($npm.utils.isNull(options)) {","        options = {};","    } else {","        if (typeof options !== 'object') {","            throw new TypeError('Invalid initialization options.');","        }","","        // list of supported initialization options:","        var validOptions = ['pgFormatting', 'pgNative', 'promiseLib', 'noLocking', 'capSQL', 'noWarnings',","            'connect', 'disconnect', 'query', 'receive', 'task', 'transact', 'error', 'extend'];","","        if (!options.noWarnings) {","            for (var prop in options) {","                if (validOptions.indexOf(prop) === -1) {","                    $npm.con.warn('WARNING: Invalid property \\'%s\\' in initialization options.\\n%s\\n', prop, $npm.utils.getLocalStack(3));","                    break;","                }","            }","        }","    }","","    var pg = $npm.pg, p = $npm.promise(options.promiseLib);","","    var config = {","        version: $npm.package.version,","        promiseLib: p.promiseLib,","        promise: p.promise","    };","","    $npm.utils.addReadProp(config, '$npm', {}, true);","","    // Locking properties that cannot be changed later:","    $npm.utils.addReadProp(options, 'promiseLib', options.promiseLib);","    $npm.utils.addReadProp(options, 'pgNative', !!options.pgNative);","","    config.options = options;","","    // istanbul ignore next:","    // we do not cover code specific to Native Bindings","    if (options.pgNative) {","        pg = $npm.pg.native;","        if ($npm.utils.isNull(pg)) {","            throw new Error('Failed to initialize Native Bindings.');","        }","    }","","    var Database = require('./database')(config);","","    var inst = (cn, dc) => {","        if ($npm.utils.isText(cn) || (cn && typeof cn === 'object')) {","            return new Database(cn, dc, config);","        }","        throw new TypeError('Invalid connection details.');","    };","","    $npm.utils.addReadProperties(inst, rootNameSpace);","","    /**","     * @member {external:PG} pg","     * @readonly","     * @description","     * Instance of the $[PG] library that's being used, depending on initialization option `pgNative`:","     *  - regular `pg` module instance, without option `pgNative`, or equal to `false` (default)","     *  - `pg` module instance with $[Native Bindings], if option `pgNative` was set.","     *","     * Available as `pgp.pg`, after initializing the library.","     */","    $npm.utils.addReadProp(inst, 'pg', pg);","","    /**","     * @member {function} end","     * @readonly","     * @description","     * Terminates pg library (call it when exiting the application).","     *","     * Available as `pgp.end`, after initializing the library.","     */","    $npm.utils.addReadProp(inst, 'end', () => {","        pg.end();","    });","","    /**","     * @member {helpers} helpers","     * @readonly","     * @description","     * Namespace for {@link helpers all query-formatting helper functions}.","     *","     * Available as `pgp.helpers`, after initializing the library.","     *","     * @see {@link helpers}.","     */","    $npm.utils.addReadProp(inst, 'helpers', $npm.helpers(config));","","    /**","     * @member {external:spex} spex","     * @readonly","     * @description","     * Initialized instance of the $[spex] module, used by the library within tasks and transactions.","     *","     * Available as `pgp.spex`, after initializing the library.","     *","     * @see","     * {@link Task.batch},","     * {@link Task.page},","     * {@link Task.sequence}","     */","    $npm.utils.addReadProp(inst, 'spex', config.$npm.spex);","","    config.pgp = inst;","    Object.freeze(config);","","    return inst;","}","","var rootNameSpace = {","","    /**","     * @member {formatting} as","     * @readonly","     * @description","     * Namespace for {@link formatting all query-formatting functions}.","     *","     * Available as `pgp.as`, before and after initializing the library.","     *","     * @see {@link formatting}.","     */","    as: $npm.formatting.as,","","    /**","     * @member {external:pg-minify} minify","     * @readonly","     * @description","     * Instance of the $[pg-minify] library that's used.","     *","     * Available as `pgp.minify`, before and after initializing the library.","     */","    minify: $npm.minify,","","    /**","     * @member {queryResult} queryResult","     * @readonly","     * @description","     * Query Result Mask enumerator.","     *","     * Available as `pgp.queryResult`, before and after initializing the library.","     */","    queryResult: $npm.result,","","    /**","     * @member {PromiseAdapter} PromiseAdapter","     * @readonly","     * @description","     * {@link PromiseAdapter} class.","     *","     * Available as `pgp.PromiseAdapter`, before and after initializing the library.","     */","    PromiseAdapter: $npm.adapter,","","    /**","     * @member {ParameterizedQuery} ParameterizedQuery","     * @readonly","     * @description","     * {@link ParameterizedQuery} class.","     *","     * Available as `pgp.ParameterizedQuery`, before and after initializing the library.","     */","    ParameterizedQuery: $npm.types.ParameterizedQuery,","","    /**","     * @member {PreparedStatement} PreparedStatement","     * @readonly","     * @description","     * {@link PreparedStatement} class.","     *","     * Available as `pgp.PreparedStatement`, before and after initializing the library.","     */","    PreparedStatement: $npm.types.PreparedStatement,","","    /**","     * @member {QueryFile} QueryFile","     * @readonly","     * @description","     * {@link QueryFile} class.","     *","     * Available as `pgp.QueryFile`, before and after initializing the library.","     */","    QueryFile: $npm.queryFile,","","","    /**","     * @member {errors} errors","     * @readonly","     * @description","     * {@link errors} - namespace for all error types.","     *","     * Available as `pgp.errors`, before and after initializing the library.","     */","    errors: $npm.errors,","","    /**","     * @member {utils} utils","     * @readonly","     * @description","     * {@link utils} - namespace for utility functions.","     *","     * Available as `pgp.utils`, before and after initializing the library.","     */","    utils: $npm.pubUtils,","","    /**","     * @member {txMode} txMode","     * @readonly","     * @description","     * {@link txMode Transaction Mode} namespace.","     *","     * Available as `pgp.txMode`, before and after initializing the library.","     */","    txMode: $npm.mode","};","","$npm.utils.addReadProperties($main, rootNameSpace);","","module.exports = $main;","","/**"," * @external Promise"," * @see https://developer.mozilla.org/en/docs/Web/JavaScript/Reference/Global_Objects/Promise"," */","","/**"," * @external PG"," * @see https://github.com/brianc/node-postgres/blob/master/lib/index.js#L17"," */","","/**"," * @external Client"," * @see https://github.com/brianc/node-postgres/blob/master/lib/client.js#L20"," */","","/**"," * @external pg-minify"," * @see https://github.com/vitaly-t/pg-minify"," */","","/**"," * @external spex"," * @see https://github.com/vitaly-t/spex"," */",""],"l":{"3":1,"124":1,"126":0,"127":0,"129":0,"130":0,"134":0,"137":0,"138":0,"139":0,"140":0,"141":0,"147":0,"149":0,"155":0,"158":0,"159":0,"161":0,"165":1,"166":1,"167":1,"168":1,"172":0,"174":0,"175":0,"176":0,"178":0,"181":0,"193":0,"203":0,"204":0,"217":0,"232":0,"234":0,"235":0,"237":0,"240":1,"346":1,"348":1}},"/home/travis/build/npmtest/node-npmtest-pg-promise/node_modules/pg-promise/lib/array.js":{"path":"/home/travis/build/npmtest/node-npmtest-pg-promise/node_modules/pg-promise/lib/array.js","s":{"1":1,"2":0,"3":0,"4":0,"5":0,"6":0,"7":0,"8":0,"9":1,"10":0,"11":0,"12":0,"13":0,"14":0,"15":0,"16":0,"17":0,"18":0,"19":1,"20":0,"21":0,"22":0,"23":0,"24":0,"25":1,"26":0,"27":0,"28":0,"29":0,"30":0,"31":0,"32":0,"33":1,"34":1},"b":{"1":[0,0],"2":[0,0],"3":[0,0],"4":[0,0],"5":[0,0],"6":[0,0],"7":[0,0],"8":[0,0]},"f":{"1":0,"2":0,"3":0,"4":0},"fnMap":{"1":{"name":"map","line":10,"loc":{"start":{"line":10,"column":0},"end":{"line":10,"column":27}}},"2":{"name":"filter","line":31,"loc":{"start":{"line":31,"column":0},"end":{"line":31,"column":30}}},"3":{"name":"forEach","line":56,"loc":{"start":{"line":56,"column":0},"end":{"line":56,"column":31}}},"4":{"name":"countIf","line":73,"loc":{"start":{"line":73,"column":0},"end":{"line":73,"column":31}}}},"statementMap":{"1":{"start":{"line":10,"column":0},"end":{"line":22,"column":1}},"2":{"start":{"line":11,"column":4},"end":{"line":11,"column":36}},"3":{"start":{"line":12,"column":4},"end":{"line":20,"column":5}},"4":{"start":{"line":13,"column":8},"end":{"line":15,"column":9}},"5":{"start":{"line":14,"column":12},"end":{"line":14,"column":50}},"6":{"start":{"line":17,"column":8},"end":{"line":19,"column":9}},"7":{"start":{"line":18,"column":12},"end":{"line":18,"column":40}},"8":{"start":{"line":21,"column":4},"end":{"line":21,"column":15}},"9":{"start":{"line":31,"column":0},"end":{"line":47,"column":1}},"10":{"start":{"line":32,"column":4},"end":{"line":32,"column":17}},"11":{"start":{"line":33,"column":4},"end":{"line":45,"column":5}},"12":{"start":{"line":34,"column":8},"end":{"line":38,"column":9}},"13":{"start":{"line":35,"column":12},"end":{"line":37,"column":13}},"14":{"start":{"line":36,"column":16},"end":{"line":36,"column":33}},"15":{"start":{"line":40,"column":8},"end":{"line":44,"column":9}},"16":{"start":{"line":41,"column":12},"end":{"line":43,"column":13}},"17":{"start":{"line":42,"column":16},"end":{"line":42,"column":33}},"18":{"start":{"line":46,"column":4},"end":{"line":46,"column":15}},"19":{"start":{"line":56,"column":0},"end":{"line":66,"column":1}},"20":{"start":{"line":57,"column":4},"end":{"line":65,"column":5}},"21":{"start":{"line":58,"column":8},"end":{"line":60,"column":9}},"22":{"start":{"line":59,"column":12},"end":{"line":59,"column":41}},"23":{"start":{"line":62,"column":8},"end":{"line":64,"column":9}},"24":{"start":{"line":63,"column":12},"end":{"line":63,"column":31}},"25":{"start":{"line":73,"column":0},"end":{"line":85,"column":1}},"26":{"start":{"line":74,"column":4},"end":{"line":74,"column":18}},"27":{"start":{"line":75,"column":4},"end":{"line":83,"column":5}},"28":{"start":{"line":76,"column":8},"end":{"line":78,"column":9}},"29":{"start":{"line":77,"column":12},"end":{"line":77,"column":58}},"30":{"start":{"line":80,"column":8},"end":{"line":82,"column":9}},"31":{"start":{"line":81,"column":12},"end":{"line":81,"column":48}},"32":{"start":{"line":84,"column":4},"end":{"line":84,"column":17}},"33":{"start":{"line":87,"column":0},"end":{"line":92,"column":2}},"34":{"start":{"line":94,"column":0},"end":{"line":94,"column":30}}},"branchMap":{"1":{"line":12,"type":"if","locations":[{"start":{"line":12,"column":4},"end":{"line":12,"column":4}},{"start":{"line":12,"column":4},"end":{"line":12,"column":4}}]},"2":{"line":33,"type":"if","locations":[{"start":{"line":33,"column":4},"end":{"line":33,"column":4}},{"start":{"line":33,"column":4},"end":{"line":33,"column":4}}]},"3":{"line":35,"type":"if","locations":[{"start":{"line":35,"column":12},"end":{"line":35,"column":12}},{"start":{"line":35,"column":12},"end":{"line":35,"column":12}}]},"4":{"line":41,"type":"if","locations":[{"start":{"line":41,"column":12},"end":{"line":41,"column":12}},{"start":{"line":41,"column":12},"end":{"line":41,"column":12}}]},"5":{"line":57,"type":"if","locations":[{"start":{"line":57,"column":4},"end":{"line":57,"column":4}},{"start":{"line":57,"column":4},"end":{"line":57,"column":4}}]},"6":{"line":75,"type":"if","locations":[{"start":{"line":75,"column":4},"end":{"line":75,"column":4}},{"start":{"line":75,"column":4},"end":{"line":75,"column":4}}]},"7":{"line":77,"type":"cond-expr","locations":[{"start":{"line":77,"column":52},"end":{"line":77,"column":53}},{"start":{"line":77,"column":56},"end":{"line":77,"column":57}}]},"8":{"line":81,"type":"cond-expr","locations":[{"start":{"line":81,"column":42},"end":{"line":81,"column":43}},{"start":{"line":81,"column":46},"end":{"line":81,"column":47}}]}},"code":["'use strict';","","// Number of times it is faster than the standard 'map', by Node.js versions:","// 0.10.44: ~2.8","// 0.11.16: ~3.8","// 0.12.13: ~3.8","// 4.4.4: ~1.38","// 5.11.0: ~1.44","// 6.1.0: ~8.25","function map(arr, cb, obj) {","    var res = new Array(arr.length);","    if (obj) {","        for (var i = 0; i < arr.length; i++) {","            res[i] = cb.call(obj, arr[i], i, arr);","        }","    } else {","        for (var k = 0; k < arr.length; k++) {","            res[k] = cb(arr[k], k, arr);","        }","    }","    return res;","}","","// Number of times it is faster than the standard 'filter', by Node.js versions:","// 0.10.44: ~2.42","// 0.11.16: ~2.83","// 0.12.13: ~2.78","// 4.4.4: ~1.12","// 5.11.0: ~1.14","// 6.1.0: ~7.54","function filter(arr, cb, obj) {","    var res = [];","    if (obj) {","        for (var i = 0; i < arr.length; i++) {","            if (cb.call(obj, arr[i], i, arr)) {","                res.push(arr[i]);","            }","        }","    } else {","        for (var k = 0; k < arr.length; k++) {","            if (cb(arr[k], k, arr)) {","                res.push(arr[k]);","            }","        }","    }","    return res;","}","","// Number of times it is faster than the standard 'forEach', by Node.js versions:","// 0.10.44: ~3.11","// 0.11.16: ~4.6","// 0.12.13: ~4.4","// 4.4.4: ~1.55","// 5.11.0: ~1.54","// 6.1.0: ~1.21","function forEach(arr, cb, obj) {","    if (obj) {","        for (var i = 0; i < arr.length; i++) {","            cb.call(obj, arr[i], i, arr);","        }","    } else {","        for (var k = 0; k < arr.length; k++) {","            cb(arr[k], k, arr);","        }","    }","}","","//////////////////////////","// Custom Methods","//////////////////////////","","// Counts elements based on a condition;","function countIf(arr, cb, obj) {","    var count = 0;","    if (obj) {","        for (var i = 0; i < arr.length; i++) {","            count += cb.call(obj, arr[i], i, arr) ? 1 : 0;","        }","    } else {","        for (var k = 0; k < arr.length; k++) {","            count += cb(arr[k], k, arr) ? 1 : 0;","        }","    }","    return count;","}","","module.exports = {","    map: map,","    filter: filter,","    forEach: forEach,","    countIf: countIf","};","","Object.freeze(module.exports);",""],"l":{"10":1,"11":0,"12":0,"13":0,"14":0,"17":0,"18":0,"21":0,"31":1,"32":0,"33":0,"34":0,"35":0,"36":0,"40":0,"41":0,"42":0,"46":0,"56":1,"57":0,"58":0,"59":0,"62":0,"63":0,"73":1,"74":0,"75":0,"76":0,"77":0,"80":0,"81":0,"84":0,"87":1,"94":1}},"/home/travis/build/npmtest/node-npmtest-pg-promise/node_modules/pg-promise/lib/adapter.js":{"path":"/home/travis/build/npmtest/node-npmtest-pg-promise/node_modules/pg-promise/lib/adapter.js","s":{"1":1,"2":0,"3":0,"4":0,"5":0,"6":0,"7":0,"8":0,"9":0,"10":0,"11":0,"12":0,"13":1},"b":{"1":[0,0],"2":[0,0],"3":[0,0],"4":[0,0]},"f":{"1":0},"fnMap":{"1":{"name":"PromiseAdapter","line":34,"loc":{"start":{"line":34,"column":0},"end":{"line":34,"column":49}}}},"statementMap":{"1":{"start":{"line":34,"column":0},"end":{"line":55,"column":1}},"2":{"start":{"line":36,"column":4},"end":{"line":38,"column":5}},"3":{"start":{"line":37,"column":8},"end":{"line":37,"column":59}},"4":{"start":{"line":40,"column":4},"end":{"line":40,"column":25}},"5":{"start":{"line":41,"column":4},"end":{"line":41,"column":27}},"6":{"start":{"line":42,"column":4},"end":{"line":42,"column":25}},"7":{"start":{"line":44,"column":4},"end":{"line":46,"column":5}},"8":{"start":{"line":45,"column":8},"end":{"line":45,"column":80}},"9":{"start":{"line":48,"column":4},"end":{"line":50,"column":5}},"10":{"start":{"line":49,"column":8},"end":{"line":49,"column":81}},"11":{"start":{"line":52,"column":4},"end":{"line":54,"column":5}},"12":{"start":{"line":53,"column":8},"end":{"line":53,"column":80}},"13":{"start":{"line":57,"column":0},"end":{"line":57,"column":32}}},"branchMap":{"1":{"line":36,"type":"if","locations":[{"start":{"line":36,"column":4},"end":{"line":36,"column":4}},{"start":{"line":36,"column":4},"end":{"line":36,"column":4}}]},"2":{"line":44,"type":"if","locations":[{"start":{"line":44,"column":4},"end":{"line":44,"column":4}},{"start":{"line":44,"column":4},"end":{"line":44,"column":4}}]},"3":{"line":48,"type":"if","locations":[{"start":{"line":48,"column":4},"end":{"line":48,"column":4}},{"start":{"line":48,"column":4},"end":{"line":48,"column":4}}]},"4":{"line":52,"type":"if","locations":[{"start":{"line":52,"column":4},"end":{"line":52,"column":4}},{"start":{"line":52,"column":4},"end":{"line":52,"column":4}}]}},"code":["'use strict';","","/**"," * @constructor PromiseAdapter"," * @summary Adapter for the primary promise operations."," * @description"," * Provides compatibility with promise libraries that cannot be recognized automatically,"," * via functions that implement the primary operations with promises:"," *"," *  - construct a new promise with a callback function"," *  - resolve a promise with some result data"," *  - reject a promise with a reason"," *"," * The type is available from the library's root: `pgp.PromiseAdapter`."," *"," * @param {function} create"," * A function that takes a callback parameter and returns a new promise object."," * The callback parameter is expected to be `function(resolve, reject)`."," *"," * Passing in anything other than a function will throw `Adapter requires a function to create a promise.`"," *"," * @param {function} resolve"," * A function that takes an optional data parameter and resolves a promise with it."," *"," * Passing in anything other than a function will throw `Adapter requires a function to resolve a promise.`"," *"," * @param {function} reject"," * A function that takes an optional error parameter and rejects a promise with it."," *"," * Passing in anything other than a function will throw `Adapter requires a function to reject a promise.`"," *"," * @returns {PromiseAdapter}"," */","function PromiseAdapter(create, resolve, reject) {","","    if (!(this instanceof PromiseAdapter)) {","        return new PromiseAdapter(create, resolve, reject);","    }","","    this.create = create;","    this.resolve = resolve;","    this.reject = reject;","","    if (typeof create !== 'function') {","        throw new TypeError('Adapter requires a function to create a promise.');","    }","","    if (typeof resolve !== 'function') {","        throw new TypeError('Adapter requires a function to resolve a promise.');","    }","","    if (typeof reject !== 'function') {","        throw new TypeError('Adapter requires a function to reject a promise.');","    }","}","","module.exports = PromiseAdapter;",""],"l":{"34":1,"36":0,"37":0,"40":0,"41":0,"42":0,"44":0,"45":0,"48":0,"49":0,"52":0,"53":0,"57":1}},"/home/travis/build/npmtest/node-npmtest-pg-promise/node_modules/pg-promise/lib/result.js":{"path":"/home/travis/build/npmtest/node-npmtest-pg-promise/node_modules/pg-promise/lib/result.js","s":{"1":1,"2":1,"3":1},"b":{},"f":{},"fnMap":{},"statementMap":{"1":{"start":{"line":22,"column":0},"end":{"line":31,"column":2}},"2":{"start":{"line":33,"column":0},"end":{"line":33,"column":27}},"3":{"start":{"line":35,"column":0},"end":{"line":35,"column":29}}},"branchMap":{},"code":["'use strict';",
[...]
{"line":136,"column":6}},"14":{"start":{"line":135,"column":8},"end":{"line":135,"column":61}},"15":{"start":{"line":151,"column":4},"end":{"line":153,"column":6}},"16":{"start":{"line":152,"column":8},"end":{"line":152,"column":69}},"17":{"start":{"line":169,"column":4},"end":{"line":171,"column":6}},"18":{"start":{"line":170,"column":8},"end":{"line":170,"column":80}},"19":{"start":{"line":177,"column":0},"end":{"line":297,"column":2}},"20":{"start":{"line":179,"column":4},"end":{"line":179,"column":28}},"21":{"start":{"line":182,"column":4},"end":{"line":201,"column":5}},"22":{"start":{"line":183,"column":8},"end":{"line":183,"column":32}},"23":{"start":{"line":184,"column":8},"end":{"line":186,"column":9}},"24":{"start":{"line":185,"column":12},"end":{"line":185,"column":39}},"25":{"start":{"line":187,"column":8},"end":{"line":196,"column":9}},"26":{"start":{"line":188,"column":12},"end":{"line":188,"column":39}},"27":{"start":{"line":190,"column":12},"end":{"line":194,"column":15}},"28":{"start":{"line":195,"column":12},"end":{"line":195,"column":34}},"29":{"start":{"line":197,"column":8},"end":{"line":199,"column":9}},"30":{"start":{"line":198,"column":12},"end":{"line":198,"column":26}},"31":{"start":{"line":200,"column":8},"end":{"line":200,"column":34}},"32":{"start":{"line":204,"column":4},"end":{"line":219,"column":5}},"33":{"start":{"line":205,"column":8},"end":{"line":205,"column":24}},"34":{"start":{"line":206,"column":8},"end":{"line":213,"column":9}},"35":{"start":{"line":207,"column":12},"end":{"line":207,"column":59}},"36":{"start":{"line":209,"column":12},"end":{"line":209,"column":34}},"37":{"start":{"line":210,"column":12},"end":{"line":210,"column":32}},"38":{"start":{"line":211,"column":12},"end":{"line":211,"column":30}},"39":{"start":{"line":212,"column":12},"end":{"line":212,"column":37}},"40":{"start":{"line":214,"column":8},"end":{"line":218,"column":11}},"41":{"start":{"line":221,"column":4},"end":{"line":223,"column":36}},"42":{"start":{"line":225,"column":4},"end":{"line":225,"column":17}},"43":{"start":{"line":227,"column":4},"end":{"line":262,"column":5}},"44":{"start":{"line":229,"column":8},"end":{"line":229,"column":40}},"45":{"start":{"line":230,"column":8},"end":{"line":261,"column":19}},"46":{"start":{"line":232,"column":20},"end":{"line":254,"column":31}},"47":{"start":{"line":234,"column":28},"end":{"line":234,"column":42}},"48":{"start":{"line":235,"column":28},"end":{"line":235,"column":43}},"49":{"start":{"line":236,"column":28},"end":{"line":236,"column":44}},"50":{"start":{"line":238,"column":28},"end":{"line":238,"column":46}},"51":{"start":{"line":239,"column":28},"end":{"line":239,"column":46}},"52":{"start":{"line":242,"column":32},"end":{"line":245,"column":33}},"53":{"start":{"line":243,"column":36},"end":{"line":243,"column":64}},"54":{"start":{"line":244,"column":36},"end":{"line":244,"column":50}},"55":{"start":{"line":246,"column":32},"end":{"line":246,"column":63}},"56":{"start":{"line":247,"column":32},"end":{"line":247,"column":59}},"57":{"start":{"line":252,"column":32},"end":{"line":252,"column":61},"skip":true},"58":{"start":{"line":253,"column":32},"end":{"line":253,"column":57},"skip":true},"59":{"start":{"line":259,"column":20},"end":{"line":259,"column":49},"skip":true},"60":{"start":{"line":260,"column":20},"end":{"line":260,"column":45},"skip":true},"61":{"start":{"line":264,"column":4},"end":{"line":269,"column":5}},"62":{"start":{"line":265,"column":8},"end":{"line":267,"column":9}},"63":{"start":{"line":266,"column":12},"end":{"line":266,"column":66}},"64":{"start":{"line":268,"column":8},"end":{"line":268,"column":42}},"65":{"start":{"line":271,"column":4},"end":{"line":273,"column":5}},"66":{"start":{"line":272,"column":8},"end":{"line":272,"column":51}},"67":{"start":{"line":275,"column":4},"end":{"line":277,"column":5}},"68":{"start":{"line":276,"column":8},"end":{"line":276,"column":57}},"69":{"start":{"line":279,"column":4},"end":{"line":284,"column":5}},"70":{"start":{"line":280,"column":8},"end":{"line":282,"column":9}},"71":{"start":{"line":281,"column":12},"end":{"line":281,"column":85}},"72":{"start":{"line":283,"column":8},"end":{"line":283,"column":58}},"73":{"start":{"line":287,"column":4},"end":{"line":295,"column":11}},"74":{"start":{"line":289,"column":12},"end":{"line":289,"column":38}},"75":{"start":{"line":290,"column":12},"end":{"line":290,"column":24}},"76":{"start":{"line":293,"column":12},"end":{"line":293,"column":40}},"77":{"start":{"line":294,"column":12},"end":{"line":294,"column":36}},"78":{"start":{"line":299,"column":0},"end":{"line":310,"column":2}},"79":{"start":{"line":300,"column":4},"end":{"line":300,"column":26}},"80":{"start":{"line":305,"column":4},"end":{"line":305,"column":48},"skip":true},"81":{"start":{"line":307,"column":4},"end":{"line":307,"column":48}},"82":{"start":{"line":308,"column":4},"end":{"line":308,"column":56}},"83":{"start":{"line":309,"column":4},"end":{"line":309,"column":16}}},"branchMap":{"1":{"line":107,"type":"if","locations":[{"start":{"line":107,"column":4},"end":{"line":107,"column":4}},{"start":{"line":107,"column":4},"end":{"line":107,"column":4}}]},"2":{"line":116,"type":"if","locations":[{"start":{"line":116,"column":8},"end":{"line":116,"column":8}},{"start":{"line":116,"column":8},"end":{"line":116,"column":8}}]},"3":{"line":117,"type":"cond-expr","locations":[{"start":{"line":117,"column":68},"end":{"line":117,"column":82}},{"start":{"line":117,"column":85},"end":{"line":117,"column":92}}]},"4":{"line":184,"type":"if","locations":[{"start":{"line":184,"column":8},"end":{"line":184,"column":8}},{"start":{"line":184,"column":8},"end":{"line":184,"column":8}}]},"5":{"line":197,"type":"if","locations":[{"start":{"line":197,"column":8},"end":{"line":197,"column":8}},{"start":{"line":197,"column":8},"end":{"line":197,"column":8}}]},"6":{"line":197,"type":"binary-expr","locations":[{"start":{"line":197,"column":12},"end":{"line":197,"column":18}},{"start":{"line":197,"column":22},"end":{"line":197,"column":55}}]},"7":{"line":206,"type":"if","locations":[{"start":{"line":206,"column":8},"end":{"line":206,"column":8}},{"start":{"line":206,"column":8},"end":{"line":206,"column":8}}]},"8":{"line":214,"type":"cond-expr","locations":[{"start":{"line":214,"column":16},"end":{"line":214,"column":36}},{"start":{"line":214,"column":39},"end":{"line":214,"column":55}}]},"9":{"line":227,"type":"if","locations":[{"start":{"line":227,"column":4},"end":{"line":227,"column":4}},{"start":{"line":227,"column":4},"end":{"line":227,"column":4}}]},"10":{"line":242,"type":"if","locations":[{"start":{"line":242,"column":32},"end":{"line":242,"column":32}},{"start":{"line":242,"column":32},"end":{"line":242,"column":32}}]},"11":{"line":265,"type":"if","locations":[{"start":{"line":265,"column":8},"end":{"line":265,"column":8}},{"start":{"line":265,"column":8},"end":{"line":265,"column":8}}]},"12":{"line":265,"type":"binary-expr","locations":[{"start":{"line":265,"column":12},"end":{"line":265,"column":24}},{"start":{"line":265,"column":28},"end":{"line":265,"column":78}}]},"13":{"line":280,"type":"if","locations":[{"start":{"line":280,"column":8},"end":{"line":280,"column":8}},{"start":{"line":280,"column":8},"end":{"line":280,"column":8}}]},"14":{"line":281,"type":"cond-expr","locations":[{"start":{"line":281,"column":38},"end":{"line":281,"column":58}},{"start":{"line":281,"column":61},"end":{"line":281,"column":67}}]},"15":{"line":283,"type":"cond-expr","locations":[{"start":{"line":283,"column":33},"end":{"line":283,"column":50}},{"start":{"line":283,"column":53},"end":{"line":283,"column":56}}]},"16":{"line":305,"type":"binary-expr","locations":[{"start":{"line":305,"column":16},"end":{"line":305,"column":25},"skip":true},{"start":{"line":305,"column":29},"end":{"line":305,"column":47},"skip":true}]},"17":{"line":307,"type":"binary-expr","locations":[{"start":{"line":307,"column":16},"end":{"line":307,"column":25}},{"start":{"line":307,"column":29},"end":{"line":307,"column":47}}]},"18":{"line":308,"type":"binary-expr","locations":[{"start":{"line":308,"column":15},"end":{"line":308,"column":23}},{"start":{"line":308,"column":27},"end":{"line":308,"column":55}}]}},"code":["'use strict';","","var $npm = {","    spex: require('spex'),","    utils: require('./utils'),","    mode: require('./txMode'),","    events: require('./events'),","    query: require('./query'),","    async: require('./async')","};","","/**"," * @interface Task"," * @extends Database"," * @description"," * Extends {@link Database} for an automatic connection session, with methods for executing multiple database queries."," * The type isn't available directly, it can only be created via methods {@link Database.task} and {@link Database.tx}."," *"," * When executing more than one request at a time, one should allocate and release the connection only once,"," * while executing all the required queries within the same connection session. More importantly, a transaction"," * can only work within a single connection."," *"," * This is an interface for tasks/transactions to implement a connection session, during which you can"," * execute multiple queries against the same connection that's released automatically when the task/transaction is finished."," *"," * @see"," * {@link Task.ctx ctx},"," * {@link Task.batch batch},"," * {@link Task.sequence sequence},"," * {@link Task.page page}"," *"," * @example"," * db.task(t => {"," *       // t = task protocol context;"," *       // t.ctx = task config + state context;"," *       return t.one(\"select * from users where id=$1\", 123)"," *           .then(user => {"," *               return t.any(\"select * from events where login=$1\", user.name);"," *           });"," *   })"," * .then(events => {"," *       // success;"," *   })"," * .catch(error => {"," *       // error;"," *   });"," *"," */","function Task(ctx, tag, isTX, config) {","","    /**","     * @member {object} Task.ctx","     * @description","     * Task/Transaction Context object - contains individual properties for each task/transaction.","     *","     * ```js","     * db.task(t => {","     *    // t.ctx = task context object","     * });","     * ```","     *","     * ```js","     * db.tx(t => {","     *    // t.ctx = transaction context object","     * });","     * ```","     *","     * Properties `context`, `dc`, `isTX`, `tag`, `start` and `isFresh` are set before the callback,","     * while properties `finish`, `success` and `result` are set after the callback has returned.","     *","     * @property {object} context","     * If the operation was invoked with an object context - `task.call(obj,...)` or","     * `tx.call(obj,...)`, this property is set with the context object that was passed in.","     *","     * @property {} dc","     * _Database Context_ that was used when creating the database object. See {@link Database}.","     *","     * @property {boolean} isTX","     * Indicates whether this task represents a transaction.","     *","     * @property {} tag","     * Tag value as it was passed into the task. See methods {@link Database.task task} and {@link Database.tx tx}.","     *","     * @property {date} start","     * Date/Time of when this task or transaction started the execution.","     *","     * @property {boolean} isFresh","     * Indicates when a fresh physical connection is being used.","     *","     * @property {date} finish","     * Once the operation has finished, this property is set to the Data/Time of when it happened.","     *","     * @property {boolean} success","     * Once the operation has finished, this property indicates whether it was successful.","     *","     * @property {} result","     * Once the operation has finished, this property contains the result, depending on property `success`:","     * - data resolved by the operation, if `success` = `true`","     * - error / rejection reason, if `success` = `false`","     *","     * @see event {@link event:query query}","     */","    this.ctx = ctx.ctx = {}; // task context object;","","    $npm.utils.addReadProp(this.ctx, 'isTX', isTX);","","    if ('context' in ctx) {","        $npm.utils.addReadProp(this.ctx, 'context', ctx.context);","    }","","    $npm.utils.addReadProp(this.ctx, 'tag', tag);","    $npm.utils.addReadProp(this.ctx, 'dc', ctx.dc);","","    // generic query method;","    this.query = function (query, values, qrm) {","        if (!ctx.db) {","            throw new Error('Unexpected call outside of ' + (isTX ? 'transaction.' : 'task.'));","        }","        return config.$npm.query.call(this, ctx, query, values, qrm);","    };","","    /**","     * @method Task.batch","     * @description","     * **Alternative Syntax:** `batch(values, {cb})` &#8658; `Promise`","     *","     * Settles a predefined array of mixed values by redirecting to method $[spex.batch].","     *","     * For complete method documentation see $[spex.batch].","     * @param {array} values","     * @param {function} [cb]","     * @returns {external:Promise}","     */","    this.batch = function (values, cb) {","        return config.$npm.spex.batch.call(this, values, cb);","    };","","    /**","     * @method Task.page","     * @description","     * **Alternative Syntax:** `page(source, {dest, limit})` &#8658; `Promise`","     *","     * Resolves a dynamic sequence of arrays/pages with mixed values, by redirecting to method $[spex.page].","     *","     * For complete method documentation see $[spex.page].","     * @param {function} source","     * @param {function} [dest]","     * @param {number} [limit=0]","     * @returns {external:Promise}","     */","    this.page = function (source, dest, limit) {","        return config.$npm.spex.page.call(this, source, dest, limit);","    };","","    /**","     * @method Task.sequence","     * @description","     * **Alternative Syntax:** `sequence(source, {dest, limit, track})` &#8658; `Promise`","     *","     * Resolves a dynamic sequence of mixed values by redirecting to method $[spex.sequence].","     *","     * For complete method documentation see $[spex.sequence].","     * @param {function} source","     * @param {function} [dest]","     * @param {number} [limit=0]","     * @param {boolean} [track=false]","     * @returns {external:Promise}","     */","    this.sequence = function (source, dest, limit, track) {","        return config.$npm.spex.sequence.call(this, source, dest, limit, track);","    };","","}","","//////////////////////////","// Executes a task;","Task.exec = (ctx, obj, isTX, config) => {","","    var $p = config.promise;","","    // callback invocation helper;","    function callback() {","        var result, cb = ctx.cb;","        if (cb.constructor.name === 'GeneratorFunction') {","            cb = config.$npm.async(cb);","        }","        try {","            result = cb.call(obj, obj); // invoking the callback function;","        } catch (err) {","            $npm.events.error(ctx.options, err, {","                client: ctx.db.client,","                dc: ctx.dc,","                ctx: ctx.ctx","            });","            return $p.reject(err); // reject with the error;","        }","        if (result && typeof result.then === 'function') {","            return result; // result is a valid promise object;","        }","        return $p.resolve(result);","    }","","    // updates the task context and notifies the client;","    function update(start, success, result) {","        var c = ctx.ctx;","        if (start) {","            $npm.utils.addReadProp(c, 'start', new Date());","        } else {","            c.finish = new Date();","            c.success = success;","            c.result = result;","            $npm.utils.lock(c, true);","        }","        (isTX ? $npm.events.transact : $npm.events.task)(ctx.options, {","            client: ctx.db.client,","            dc: ctx.dc,","            ctx: c","        });","    }","","    var cbData, cbReason, success,","        spName, // Save-Point Name;","        capSQL = ctx.options.capSQL; // capitalize sql;","","    update(true);","","    if (isTX) {","        // executing a transaction;","        spName = 'level_' + ctx.txLevel;","        return begin()","            .then(() => {","                    return callback()","                        .then(data => {","                            cbData = data; // save callback data;","                            success = true;","                            return commit();","                        }, reason => {","                            cbReason = reason; // save callback failure reason;","                            return rollback();","                        })","                        .then(() => {","                                if (success) {","                                    update(false, true, cbData);","                                    return cbData;","                                }","                                update(false, false, cbReason);","                                return $p.reject(cbReason);","                            },","                            // istanbul ignore next: either `commit` or `rollback` has failed, which is","                            // impossible to replicate in a test environment, so skipping from the test;","                            function (reason) {","                                update(false, false, reason);","                                return $p.reject(reason);","                            });","                },","                // istanbul ignore next: `begin` has failed, which is impossible","                // to replicate in a test environment, so skipping from the test;","                function (reason) {","                    update(false, false, reason);","                    return $p.reject(reason);","                });","    }","","    function begin() {","        if (!ctx.txLevel && ctx.cb.txMode instanceof $npm.mode.TransactionMode) {","            return exec(ctx.cb.txMode.begin(capSQL), 'savepoint');","        }","        return exec('begin', 'savepoint');","    }","","    function commit() {","        return exec('commit', 'release savepoint');","    }","","    function rollback() {","        return exec('rollback', 'rollback to savepoint');","    }","","    function exec(top, nested) {","        if (ctx.txLevel) {","            return obj.none((capSQL ? nested.toUpperCase() : nested) + ' ' + spName);","        }","        return obj.none(capSQL ? top.toUpperCase() : top);","    }","","    // executing a task;","    return callback()","        .then(data => {","            update(false, true, data);","            return data;","        })","        .catch(error => {","            update(false, false, error);","            return $p.reject(error);","        });","","};","","module.exports = config => {","    var npm = config.$npm;","","    // istanbul ignore next:","    // we keep 'npm.query' initialization here, even though it is always","    // pre-initialized by the 'database' module, for integrity purpose. ","    npm.query = npm.query || $npm.query(config);","","    npm.async = npm.async || $npm.async(config);","    npm.spex = npm.spex || $npm.spex(config.promiseLib);","    return Task;","};",""],"l":{"3":1,"49":1,"103":0,"105":0,"107":0,"108":0,"111":0,"112":0,"115":0,"116":0,"117":0,"119":0,"134":0,"135":0,"151":0,"152":0,"169":0,"170":0,"177":1,"179":0,"182":1,"183":0,"184":0,"185":0,"187":0,"188":0,"190":0,"195":0,"197":0,"198":0,"200":0,"204":1,"205":0,"206":0,"207":0,"209":0,"210":0,"211":0,"212":0,"214":0,"221":0,"225":0,"227":0,"229":0,"230":0,"232":0,"234":0,"235":0,"236":0,"238":0,"239":0,"242":0,"243":0,"244":0,"246":0,"247":0,"252":1,"253":1,"259":1,"260":1,"264":1,"265":0,"266":0,"268":0,"271":1,"272":0,"275":1,"276":0,"279":1,"280":0,"281":0,"283":0,"287":0,"289":0,"290":0,"293":0,"294":0,"299":1,"300":0,"305":1,"307":0,"308":0,"309":0}}}